True	[lsnr]	Heart FM	n/a	東海	愛知県	名古屋市	231002
True	[lsnr]	練馬放送	n/a	関東	東京都	練馬区	131202
True	[lsnr]	FM ABASHIRI	n/a	北海道	北海道	網走市	012114
True	[lsnr]	FMりべーる	n/a	北海道	北海道	旭川市	012041
True	[lsnr]	FMねむろ	n/a	北海道	北海道	根室市	012238
True	[lsnr]	FMくしろ	n/a	北海道	北海道	釧路市	012068
True	[lsnr]	FM JAGA	n/a	北海道	北海道	帯広市	012076
True	[lsnr]	FM WING	n/a	北海道	北海道	帯広市	012076
True	[lsnr]	さっぽろ村ラジオ	n/a	北海道	北海道	札幌市	011002
True	[lsnr]	RADIOワンダーストレージ FMドラマシティ	n/a	北海道	北海道	札幌市	011002
True	[lsnr]	三角山放送局(札幌市西区)	n/a	北海道	北海道	札幌市	011002
True	[lsnr]	ラジオカロスサッポロ	n/a	北海道	北海道	札幌市	011002
True	[lsnr]	FMアップル	n/a	北海道	北海道	札幌市	011002
True	[lsnr]	FMメイプル	n/a	北海道	北海道	北広島市	012343
True	[lsnr]	wi-radio	n/a	北海道	北海道	伊達市	012335
True	[lsnr]	BeFM	n/a	東北	青森県	n/a	020001
True	[lsnr]	カシオペアFM	n/a	東北	岩手県	二戸市	032131
True	[lsnr]	ラヂオもりおか	n/a	東北	岩手県	盛岡市	032018
True	[lsnr]	みやこハーバーラジオ	n/a	東北	岩手県	宮古市	032026
True	[lsnr]	ラヂオ気仙沼	n/a	東北	宮城県	気仙沼市	042056
True	[lsnr]	ラジオ石巻	n/a	東北	宮城県	石巻市	042021
True	[lsnr]	BAY WAVE	n/a	東北	宮城県	n/a	040002
True	[lsnr]	RADIO3	n/a	東北	宮城県	仙台市	041009
True	[lsnr]	fmいずみ	n/a	東北	宮城県	仙台市	041009
True	[lsnr]	なとらじ801	n/a	東北	宮城県	名取市	042072
True	[lsnr]	鹿角きりたんぽFM	n/a	東北	秋田県	鹿角市	052094
True	[lsnr]	エフエム椿台	n/a	東北	秋田県	秋田市	052019
True	[lsnr]	横手かまくらエフエム	n/a	東北	秋田県	横手市	052035
True	[lsnr]	FMゆーとぴあ	n/a	東北	秋田県	湯沢市	052078
True	[lsnr]	FM Mot.com	n/a	東北	福島県	本宮市	072141
True	[lsnr]	KOCOラジ	n/a	東北	福島県	郡山市	072036
True	[lsnr]	FMいわき	n/a	東北	福島県	いわき市	072044
True	[lsnr]	FMひたち	n/a	関東	茨城県	日立市	082023
True	[lsnr]	たかはぎFM	n/a	関東	茨城県	高萩市	082147
True	[lsnr]	FMぱるるん	n/a	関東	茨城県	水戸市	082015
True	[lsnr]	FMうしくうれしく放送	n/a	関東	茨城県	牛久市	082198
True	[lsnr]	まえばしCITYエフエム	n/a	関東	群馬県	前橋市	102016
True	[lsnr]	FMふっかちゃん	n/a	関東	埼玉県	深谷市	112186
True	[lsnr]	REDS WAVE	n/a	関東	埼玉県	さいたま市	111007
True	[lsnr]	FM Kawaguchi	n/a	関東	埼玉県	川口市	112038
True	[lsnr]	フラワーラジオ	n/a	関東	埼玉県	鴻巣市	112178
True	[lsnr]	ハローハッピー・こしがやエフエム	n/a	関東	埼玉県	越谷市	112224
True	[lsnr]	775ライブリーFM	n/a	関東	埼玉県	朝霞市	112275
True	[lsnr]	RadioCity 中央エフエム	n/a	関東	東京都	中央区	131024
True	[lsnr]	レインボータウンFM	n/a	関東	東京都	江東区	131083
True	[lsnr]	エフエム世田谷	n/a	関東	東京都	世田谷区	131121
True	[lsnr]	コマラジ	n/a	関東	東京都	狛江市	132195
True	[lsnr]	調布FM	n/a	関東	東京都	調布市	132080
True	[lsnr]	ラジオフチューズ	n/a	関東	東京都	府中市	132063
True	[lsnr]	FMたちかわ	n/a	関東	東京都	立川市	132021
True	[lsnr]	Tokyo Star Radio(八王子FM)	n/a	関東	東京都	八王子市	132012
True	[lsnr]	かわさきFM	n/a	関東	神奈川県	川崎市	141305
True	[lsnr]	マリンFM	n/a	関東	神奈川県	横浜市	141003
True	[lsnr]	エフエム戸塚	n/a	関東	神奈川県	横浜市	141003
True	[lsnr]	FMカオン	n/a	関東	神奈川県	海老名市	142158
True	[lsnr]	FM N1	n/a	甲信越	石川県	野々市市	172120
True	[lsnr]	ラジオ・ミュー	n/a	甲信越	富山県	黒部市	162078
True	[lsnr]	敦賀FM	n/a	甲信越	福井県	敦賀市	182028
True	[lsnr]	エフエムEGAO	n/a	東海	愛知県	岡崎市	232025
True	[lsnr]	ラジオスイート	n/a	近畿	滋賀県	東近江市	252131
True	[lsnr]	FM87.0 RADIO MIX KYOTO	n/a	近畿	京都府	京都市	261009
True	[lsnr]	京都三条ラジオカフェ	n/a	近畿	京都府	京都市	261009
True	[lsnr]	FMおとくに	n/a	近畿	京都府	n/a	260002
True	[lsnr]	FMたんご	n/a	近畿	京都府	京丹後市	262129
True	[lsnr]	BAN-BANラジオ	n/a	近畿	兵庫県	加古川市	282103
True	[lsnr]	FM ジャングル	n/a	近畿	兵庫県	豊岡市	282090
True	[lsnr]	DARAZ FM	n/a	中国	鳥取県	米子市	312029
True	[lsnr]	FMびざん	n/a	四国	徳島県	徳島市	362018
True	[lsnr]	FM815(高松)	n/a	四国	香川県	高松市	372013
True	[lsnr]	FM SUN	n/a	四国	香川県	坂出市	372030
True	[lsnr]	AIR STATION HIBIKI	n/a	九州沖縄	福岡県	北九州市	401005
True	[lsnr]	COMI×TEN	n/a	九州沖縄	福岡県	福岡市	401307
True	[lsnr]	チョクラジ	n/a	九州沖縄	福岡県	直方市	402044
True	[lsnr]	FMのべおか	n/a	九州沖縄	宮崎県	延岡市	452033
True	[lsnr]	エフエムたつごう	n/a	九州沖縄	鹿児島県	龍郷町	465275
True	[lsnr]	あまみエフエム	n/a	九州沖縄	鹿児島県	奄美市	462225
True	[lsnr]	せとラジ	n/a	九州沖縄	鹿児島県	瀬戸内町	465259
True	[lsnr]	FMやんばる	n/a	九州沖縄	沖縄県	名護市	472093
True	[lsnr]	FMうるま	n/a	九州沖縄	沖縄県	うるま市	472131
True	[lsnr]	FMニライ	n/a	九州沖縄	沖縄県	北谷町	473260
True	[lsnr]	オキラジ	n/a	九州沖縄	沖縄県	沖縄市	472115
True	[lsnr]	FMぎのわん	n/a	九州沖縄	沖縄県	宜野湾市	472051
True	[lsnr]	ぎのわんシティFM	n/a	九州沖縄	沖縄県	宜野湾市	472051
True	[lsnr]	fm那覇	n/a	九州沖縄	沖縄県	那覇市	472018
True	[lsnr]	FMよなばる	n/a	九州沖縄	沖縄県	与那原町	473481
True	[lsnr]	FMとよみ	n/a	九州沖縄	沖縄県	豊見城市	472123
True	[lsnr]	FMいしがきサンサンラジオ	n/a	九州沖縄	沖縄県	石垣市	472077
True	[fmpp]	FMラジオおおだて	n/a	東北	秋田県	大館市	052043
True	[fmpp]	FMはなび	n/a	東北	秋田県	大仙市	052124
True	[fmpp]	きたかみE&Beエフエム	n/a	東北	岩手県	北上市	032069
True	[fmpp]	FMねまらいん	n/a	東北	岩手県	大船渡市	032034
True	[fmpp]	FMあすも	n/a	東北	岩手県	一関市	032093
True	[fmpp]	OCRFM835	n/a	東北	宮城県	大崎市	042153
True	[fmpp]	FMあおぞら	n/a	東北	宮城県	亘理町	043613
True	[fmpp]	ラヂオは〜と	n/a	甲信越	新潟県	燕市	152137
True	[fmpp]	FMとおかまち	n/a	甲信越	新潟県	十日町市	152102
True	[fmpp]	FMみょうこう	n/a	甲信越	新潟県	妙高市	152170
True	[fmpp]	はれラジ	n/a	甲信越	長野県	東御市	202193
True	[fmpp]	fmさくだいら	n/a	甲信越	長野県	佐久市	202177
True	[fmpp]	FMまつもと	n/a	甲信越	長野県	松本市	202029
True	[fmpp]	LCV-FM769	n/a	甲信越	長野県	諏訪市	202061
True	[fmpp]	いいだFM	n/a	甲信越	長野県	飯田市	202053
True	[fmpp]	ミヤラジ	n/a	関東	栃木県	宇都宮市	092011
True	[fmpp]	FMもおか	n/a	関東	栃木県	真岡市	092096
True	[fmpp]	FMゆうがお	n/a	関東	栃木県	下野市	092169
True	[fmpp]	FMくらら857	n/a	関東	栃木県	栃木市	092037
True	[fmpp]	おーラジ	n/a	関東	栃木県	小山市	092088
True	[fmpp]	FM桐生	n/a	関東	群馬県	桐生市	102032
True	[fmpp]	ほんじょうFM	n/a	関東	埼玉県	本庄市	112119
True	[fmpp]	FMクマガヤ	n/a	関東	埼玉県	熊谷市	112020
True	[fmpp]	ちちぶFM	n/a	関東	埼玉県	秩父市	112071
True	[fmpp]	TOKYO854 くるめラ	n/a	関東	東京都	東久留米市	132225
True	[fmpp]	エフエム西東京	n/a	関東	東京都	西東京市	132292
False	[fmpp]	ラジオフチューズ	n/a	関東	東京都	府中市	132063
True	[fmpp]	FM HOT 839	n/a	関東	神奈川県	相模原市	141500
True	[fmpp]	FMサルース	n/a	関東	神奈川県	横浜市	141003
True	[fmpp]	金沢シーサイドFM	n/a	関東	神奈川県	横浜市	141003
True	[fmpp]	レディオ湘南	n/a	関東	神奈川県	藤沢市	142051
True	[fmpp]	78.2エフエムひこね	n/a	近畿	滋賀県	彦根市	252026
True	[fmpp]	FMおおつ	n/a	近畿	滋賀県	大津市	252018
True	[fmpp]	YES-fm	n/a	近畿	大阪府	大阪市	271004
True	[fmpp]	FMいずみおおつ	n/a	近畿	大阪府	泉大津市	272060
True	[fmpp]	FMヤマト	n/a	近畿	奈良県	大和高田市	292028
True	[fmpp]	FMらら76.8	n/a	東海	岐阜県	可児市	212148
True	[fmpp]	名古屋市防災ラジオ	n/a	東海	愛知県	名古屋市	231002
True	[fmpp]	ラジオ・ラブィート	n/a	東海	愛知県	豊田市	232114
True	[fmpp]	メディアスFM	n/a	東海	愛知県	東海市	232220
True	[fmpp]	KATCH&Pitch 地域情報	n/a	東海	愛知県	刈谷市	232106
True	[fmpp]	TEES-843FM	n/a	東海	愛知県	豊橋市	232017
True	[fmpp]	CTY-FM	n/a	東海	三重県	四日市市	242021
True	[fmpp]	ゆめウェーブ	n/a	中国	岡山県	笠岡市	332054
True	[fmpp]	FMわっしょい	n/a	中国	山口県	防府市	352063
True	[fmpp]	FMスマイルウェ〜ブ	n/a	中国	山口県	山陽小野田市	352161
True	[fmpp]	FM KITAQ	n/a	九州沖縄	福岡県	北九州市	401005
True	[fmpp]	FMたんと	n/a	九州沖縄	福岡県	大牟田市	402028
True	[fmpp]	えびすFM	n/a	九州沖縄	佐賀県	佐賀市	412015
True	[fmpp]	益城さいがいFM	n/a	九州沖縄	熊本県	益城町	434434
True	[fmpp]	御船災害FM	n/a	九州沖縄	熊本県	御船町	434418
True	[fmpp]	みつばちラジオ	n/a	九州沖縄	熊本県	天草市	432156
True	[fmpp]	FMさせぼ	n/a	九州沖縄	長崎県	佐世保市	422029
True	[fmpp]	エフエム諫早	n/a	九州沖縄	長崎県	諫早市	422045
True	[fmpp]	FMしまばら	n/a	九州沖縄	長崎県	島原市	422037
True	[fmpp]	FMひまわり	n/a	九州沖縄	長崎県	南島原市	422142
True	[fmpp]	FMひゅうが	n/a	九州沖縄	宮崎県	日向市	452068
True	[fmpp]	サンシャインFM	n/a	九州沖縄	宮崎県	宮崎市	452017
True	[fmpp]	シティエフエム都城	n/a	九州沖縄	宮崎県	都城市	452025
True	[fmpp]	FMさつませんだい	n/a	九州沖縄	鹿児島県	薩摩川内市	462152
True	[fmpp]	FMきりしま	n/a	九州沖縄	鹿児島県	霧島市	462187
True	[fmpp]	フレンズFM	n/a	九州沖縄	鹿児島県	鹿児島市	462012
True	[fmpp]	FMぎんが	n/a	九州沖縄	鹿児島県	鹿児島市	462012
True	[fmpp]	FMかのや	n/a	九州沖縄	鹿児島県	鹿屋市	462039
True	[fmpp]	FMもとぶ	n/a	九州沖縄	沖縄県	本部町	473081
False	[fmpp]	FMうるま	n/a	九州沖縄	沖縄県	うるま市	472131
True	[fmpp]	FMくめじま	n/a	九州沖縄	沖縄県	久米島町	473618
True	[fmpp]	FM21	n/a	九州沖縄	沖縄県	浦添市	472085
True	[fmpp]	FMレキオ	n/a	九州沖縄	沖縄県	那覇市	472018
True	[fmpp]	FMみやこ	n/a	九州沖縄	沖縄県	宮古島市	472140
True	[jcba]	FMはな	http://fmhana.jp/	北海道	北海道	中標津町	016926
True	[jcba]	エフエムもえる	http://www.moeru.fm/	北海道	北海道	留萌市	012122
True	[jcba]	Airてっし	http://www.nayoro.fm/	北海道	北海道	名寄市	012211
True	[jcba]	ラジオニセコ	https://radioniseko.jp/	北海道	北海道	n/a	010006
True	[jcba]	FMいるか	http://www.fmiruka.co.jp/	北海道	北海道	函館市	012025
True	[jcba]	FM AZUR	http://www.fmazur.jp/	東北	青森県	n/a	020001
True	[jcba]	アップルウェーブ	http://www.applewave.co.jp/	東北	青森県	n/a	020001
True	[jcba]	FMごしょがわら	https://fm767.jp/	東北	青森県	五所川原市	022055
True	[jcba]	FMONE	https://fm-one.net/	東北	岩手県	花巻市	032051
True	[jcba]	エフエムいわぬま	http://fm779.com/	東北	宮城県	岩沼市	042111
True	[jcba]	H@!FM	http://hat-fm.net/	東北	宮城県	登米市	042129
True	[jcba]	ラジオ モンスター	http://www.fm762.co.jp/	東北	山形県	山形市	062014
True	[jcba]	エフエムNCV	https://fm834.jp/	東北	山形県	米沢市	062022
True	[jcba]	えふえむい〜じゃんおらんだらじお	https://oranda-radio.jp/	東北	山形県	長井市	062090
True	[jcba]	ハーバーラジオ	https://www.sakatafm.com/	東北	山形県	酒田市	062049
True	[jcba]	ウルトラFM	http://ultrafm868.jp/	東北	福島県	須賀川市	072079
True	[jcba]	FMポコ	http://fm-poco.co.jp/	東北	福島県	福島市	072010
True	[jcba]	エフエムきたかた	http://www.fm-kitakata.co.jp/	東北	福島県	喜多方市	072087
True	[jcba]	FM愛'S	http://www.fmaizu.com/	東北	福島県	会津若松市	072028
True	[jcba]	FMだいご	http://www.fmdaigo775.jp/	関東	茨城県	大子町	083640
True	[jcba]	FMかしま	http://www.767fm.com/	関東	茨城県	n/a	080004
True	[jcba]	ラジオ高崎	http://www.takasaki.fm/	関東	群馬県	n/a	100005
True	[jcba]	エフエム太郎	http://www.fmtaro.co.jp/	関東	群馬県	n/a	100005
True	[jcba]	FM OZE	http://www.fm-oze.co.jp/	関東	群馬県	n/a	100005
True	[jcba]	ラヂオななみ	http://www.fm773.co.jp/	関東	群馬県	玉村町	104647
True	[jcba]	FMチャッピー	https://fmchappy.jp/	関東	埼玉県	n/a	110001
True	[jcba]	発するFM	http://fm840.com/	関東	埼玉県	富士見市	112356
True	[jcba]	ラジオ川越	https://radiokawagoe.com	関東	埼玉県	n/a	110001
True	[jcba]	市川うららFM(I&U-LaLaFM)	http://www.fmu.co.jp/	関東	千葉県	市川市	122033
True	[jcba]	かずさFM	https://www.kazusafm.net/	関東	千葉県	木更津市	122068
True	[jcba]	ラジオ成田	https://www.narita.fm/	関東	千葉県	n/a	120006
True	[jcba]	ふくろうFM	http://296.fm/	関東	千葉県	八千代市	122211
True	[jcba]	SKYWAVE FM	https://www.892fm.com/	関東	千葉県	千葉市	121002
True	[jcba]	FMえどがわ	https://www.fm843.co.jp/	関東	東京都	n/a	130001
True	[jcba]	むさしのFM	https://www.musashino-fm.co.jp/	関東	東京都	n/a	130001
True	[jcba]	FMしながわ	https://fm-shinagawa.co.jp/	関東	東京都	品川区	131091
True	[jcba]	かつしかFM	https://kfm789.co.jp/	関東	東京都	n/a	130001
True	[jcba]	渋谷のラジオ	https://shiburadi.com/	関東	東京都	n/a	130001
True	[jcba]	FMブルー湘南	http://www.yokosukafm.com/	関東	神奈川県	n/a	140007
True	[jcba]	鎌倉FM	https://www.kamakurafm.co.jp/	関東	神奈川県	n/a	140007
True	[jcba]	FM湘南ナパサ	http://www.fmshonan783.co.jp/	関東	神奈川県	n/a	140007
True	[jcba]	FMおだわら	https://fm-odawara.com/	関東	神奈川県	小田原市	142069
True	[jcba]	FM湘南マジックウェイブ	https://fm-smw.jp/	関東	神奈川県	n/a	140007
True	[jcba]	FMやまと	http://www.fmyamato.co.jp/	関東	神奈川県	大和市	142131
False	[jcba]	レディオ湘南	https://www.radioshonan.co.jp/index.html	関東	神奈川県	藤沢市	142051
False	[jcba]	FMサルース	http://www.fm-salus.jp/	関東	神奈川県	横浜市	141003
True	[jcba]	エフエム甲府	http://www.fm-kofu.co.jp/	甲信越	山梨県	n/a	190004
True	[jcba]	FMふじやま	http://fujiyama776.jp/	甲信越	山梨県	n/a	190004
True	[jcba]	エフエム ふじごこ	https://www.fm2255.jp/	甲信越	山梨県	n/a	190004
True	[jcba]	FM八ヶ岳	https://yatsugatake.ne.jp/	甲信越	山梨県	n/a	190004
True	[jcba]	ラジオチャット・FMにいつ	http://www.chat761.com/index.html	甲信越	新潟県	新潟市	151009
True	[jcba]	FMうおぬま	https://fm-u814.com/	甲信越	新潟県	n/a	150002
True	[jcba]	エフエムながおか	http://www.fmnagaoka.com/	甲信越	新潟県	長岡市	152021
True	[jcba]	エフエムしばた	http://www.agatt769.co.jp/	甲信越	新潟県	新発田市	152064
True	[jcba]	FM KENTO	https://fmkento.com/	甲信越	新潟県	n/a	150002
True	[jcba]	FMゆきぐに	http://www.fm762.jp/	甲信越	新潟県	南魚沼市	152269
True	[jcba]	FMじょうえつ	https://www.fmj761.com/	甲信越	新潟県	上越市	152226
True	[jcba]	FMピッカラ	http://www.kisnet.or.jp/pikkara/	甲信越	新潟県	柏崎市	152056
True	[jcba]	LCV FM	https://lcvfm769.jp/	甲信越	長野県	n/a	200000
True	[jcba]	FM軽井沢	https://fm-karuizawa.co.jp/	甲信越	長野県	n/a	200000
True	[jcba]	エフエムあづみの	https://www.azuminofm.co.jp/	甲信越	長野県	n/a	200000
True	[jcba]	高ボッチ高原FM	https://fm894.jp/	甲信越	長野県	n/a	200000
True	[jcba]	FMPiPi	https://fmpipi.co.jp/	東海	岐阜県	n/a	210005
True	[jcba]	FMわっち	https://www.fm-watch.jp/	東海	岐阜県	岐阜市	212016
True	[jcba]	Hits FM	http://www.hidanet.ne.jp/~hitsfm/	東海	岐阜県	高山市	212032
True	[jcba]	FM Haro!	https://www.fmharo.co.jp/	東海	静岡県	n/a	220001
True	[jcba]	FM ISみらいずステーション	https://fmis.jp/	東海	静岡県	伊豆市	222224
True	[jcba]	g-sky76.5	http://www.gsky765.jp/	東海	静岡県	島田市	222097
True	[jcba]	富士山GOGOFM	https://www.863.fm/	東海	静岡県	御殿場市	222151
True	[jcba]	ボイスキュー	http://777fm.com/	東海	静岡県	三島市	222062
True	[jcba]	マリンパル	https://mrn-pal.com/	東海	静岡県	n/a	220001
True	[jcba]	FM-Hi!	http://www.fmhi.co.jp/	東海	静岡県	n/a	220001
True	[jcba]	Radio-f	https://radio-f.jp	東海	静岡県	富士市	222101
True	[jcba]	COAST-FM76.7MH z	http://www.coast-fm.com/	東海	静岡県	沼津市	222038
True	[jcba]	エフエムなぎさステーション	https://www.fmito.com/	東海	静岡県	n/a	220001
True	[jcba]	Ciao!	http://www.ciao796.com/	東海	静岡県	熱海市	222054
True	[jcba]	FMいずのくに	https://www.fmizunokuni.jp/	東海	静岡県	n/a	220001
True	[jcba]	エフエム ななみ	https://www.clovernet.co.jp/nanami/	東海	愛知県	n/a	230006
True	[jcba]	United North	https://842fm.jp/	東海	愛知県	犬山市	232157
True	[jcba]	RADIO SANQ	http://845.fm/	東海	愛知県	n/a	230006
True	[jcba]	i-wave	https://iwave765.com/	東海	愛知県	一宮市	232033
True	[jcba]	いなべエフエム	https://fm861.com/	東海	三重県	いなべ市	242144
True	[jcba]	Suzuka Voice FM 78.3MHz	https://suzuka-voice.fm/	東海	三重県	n/a	240001
True	[jcba]	富山シティエフエム株式会社	http://www.city-fm.co.jp/	甲信越	富山県	n/a	160008
True	[jcba]	エフエムとなみ	https://www.fmtonami.jp/	甲信越	富山県	砺波市	162086
True	[jcba]	ラジオたかおか	http://www.radiotakaoka.co.jp/	甲信越	富山県	n/a	160008
True	[jcba]	ラジオこまつ	https://www.radio-komatsu-new.com/	甲信越	石川県	n/a	170003
True	[jcba]	ラジオななお	https://www.radionanao.co.jp/	甲信越	石川県	n/a	170003
True	[jcba]	ラジオかなざわ	https://www.radiokanazawa.co.jp/	甲信越	石川県	n/a	170003
True	[jcba]	えふえむ草津	https://fm785.jp/	近畿	滋賀県	草津市	252069
True	[jcba]	FMいかる	http://fmikaru.jp/	近畿	京都府	綾部市	262030
True	[jcba]	FMうじ	https://www.fmuji.com/	近畿	京都府	宇治市	262048
True	[jcba]	FMまいづる	https://775maizuru.jp/	近畿	京都府	n/a	260002
True	[jcba]	FM845	https://www.fm-845.com/	近畿	京都府	n/a	260002
True	[jcba]	FM千里	http://www.senri-fm.jp/	近畿	大阪府	吹田市	272051
True	[jcba]	FMちゃお	http://792.jp/	近畿	大阪府	八尾市	272124
True	[jcba]	ウメダFM Be Happy!789	https://www.be-happy789.com/	近畿	大阪府	n/a	270008
True	[jcba]	タッキー816みのおエフエム	https://fm.minoh.net/	近畿	大阪府	箕面市	272205
True	[jcba]	エフエムいたみ	https://www.itami.fm/	近畿	兵庫県	伊丹市	282073
True	[jcba]	ハミングFM宝塚	http://835.jp/	近畿	兵庫県	宝塚市	282146
True	[jcba]	さくらFM	https://sakura-fm.co.jp/	近畿	兵庫県	西宮市	282049
True	[jcba]	エフエムみっきぃ	http://www.fm-miki.jp/	近畿	兵庫県	n/a	280003
True	[jcba]	805たんば	http://805.tanba.info/	近畿	兵庫県	n/a	280003
True	[jcba]	FM GENKI	https://fmgenki.jp/	近畿	兵庫県	姫路市	282014
True	[jcba]	なら どっと FM	http://narafm.jp/	近畿	奈良県	奈良市	292010
True	[jcba]	エフエムハイホー	http://www.fm814.co.jp/	近畿	奈良県	n/a	290009
True	[jcba]	FM五條	http://shousuien.or.jp/fm_gojo/	近畿	奈良県	n/a	290009
True	[jcba]	バナナエフエム	https://877.fm/	近畿	和歌山県	和歌山市	302015
True	[jcba]	FM TANABE	https://www.fm885.jp/index.php	近畿	和歌山県	n/a	300004
True	[jcba]	FMはしもと	http://816.fm/	近畿	和歌山県	橋本市	302031
True	[jcba]	FMビーチステーション	https://www.fm764.com/	近畿	和歌山県	n/a	300004
True	[jcba]	レディオ モモ	http://www.fm790.co.jp/	中国	岡山県	岡山市	331007
True	[jcba]	FMくらしき	http://www.fmkurashiki.com/	中国	岡山県	倉敷市	332020
True	[jcba]	FMふくやま	https://fm777.co.jp/	中国	広島県	福山市	342076
True	[jcba]	エフエムおのみち	http://www.fmo.co.jp/	中国	広島県	n/a	340006
True	[jcba]	FMちゅーピー	https://chupea.fm/	中国	広島県	広島市	341002
True	[jcba]	FMはつかいち	https://761.jp/	中国	広島県	廿日市市	342131
True	[jcba]	FM東広島	http://fmhigashi.jp/	中国	広島県	n/a	340006
True	[jcba]	FOR LIFE RADIO	https://www.fm-mihara.jp/index.html	中国	広島県	三原市	342041
True	[jcba]	COME ON ! FM	https://www.c-fm.co.jp/index.php	中国	山口県	n/a	350001
True	[jcba]	しゅうなんFM	https://www.fms784.co.jp/index.php	中国	山口県	光市	352101
True	[jcba]	RADIO BIRD	http://www.radiobird.net/	中国	鳥取県	鳥取市	312011
True	[jcba]	FMラヂオバリバリ	http://www.baribari789.com/	四国	愛媛県	今治市	382027
True	[jcba]	FMがいや	http://www.gaiya769.jp/	四国	愛媛県	宇和島市	382035
True	[jcba]	Hello! NEW 新居浜 FM	http://www.hello78.jp/	四国	愛媛県	新居浜市	382051
True	[jcba]	Dreams FM	https://www.dreamsfm.co.jp/	九州沖縄	福岡県	久留米市	402036
True	[jcba]	FM八女	https://www.fmyame.jp/	九州沖縄	福岡県	八女市	402109
True	[jcba]	FMからつ	http://www.fmkaratsu.com/	九州沖縄	佐賀県	唐津市	412023
True	[jcba]	Kappa FM	http://www.kappafm.com/	九州沖縄	熊本県	八代市	432024
True	[jcba]	FM791	http://fm791.jp/	九州沖縄	熊本県	熊本市	431001
True	[jcba]	ゆふいんラヂオ局	http://874.fm/	九州沖縄	大分県	n/a	440001
True	[jcba]	NOASFM	https://789.fm/	九州沖縄	大分県	中津市	442038
True	[csra]	e-niwaFM	http://www.e-niwa.tv/	北海道	北海道	恵庭市	012319
True	[csra]	FMおたる	http://fmotaru.jp/	北海道	北海道	小樽市	012033
False	[csra]	FM WING	http://www.fmwing.com/index.html	北海道	北海道	帯広市	012076
False	[csra]	FMくしろ	http://www.fm946.com	北海道	北海道	釧路市	012068
True	[csra]	FMわっぴ〜	http://wappy761.jp	北海道	北海道	稚内市	012149
False	[csra]	FMりべーる	http://www.fm837.com/	北海道	北海道	旭川市	012041
False	[csra]	ラジオニセコ	http://radioniseko.jp	北海道	北海道	ニセコ町	013951
False	[csra]	ラジオカロスサッポロ	http://www.radiokaros.com/	北海道	北海道	札幌市	011002
False	[csra]	BeFM	http://www.befm.co.jp/	東北	青森県	八戸市	022039
False	[csra]	鹿角きりたんぽFM	http://fm791.net/	東北	秋田県	鹿角市	052094
True	[csra]	FMたいはく	http://www.fm-t.net/	東北	宮城県	仙台市	041009
True	[csra]	エフエム モットコム	http://www.fm-mot.com/	東北	福島県	本宮市	072141
False	[csra]	FMいわき	http://www.fm-iwaki.co.jp/cgi-bin/WebObjects/1201dac04a1.woa/	東北	福島県	いわき市	072044
False	[csra]	FMゆーとぴあ	http://www.yutopia.or.jp/%7Efm763/	東北	秋田県	湯沢市	052078
False	[csra]	横手かまくらエフエム	http://www.fmyokote.com/	東北	秋田県	横手市	052035
False	[csra]	みやこハーバーラジオ	http://miyakofm.com	東北	岩手県	宮古市	032026
False	[csra]	ラジオ石巻	http://www.fm764.jp/	東北	宮城県	石巻市	042021
True	[csra]	りんごFM	http://ringo-radio.cocolog-nifty.com/	東北	宮城県	山元町	043621
True	[csra]	なとらじ	http://www.natori801.jp/	東北	宮城県	名取市	042072
True	[csra]	南相馬ひばりエフエム	http://minamisomasaigaifm.hostei.com/index.html	東北	福島県	南相馬市	072125
True	[csra]	郡山コミュニティ放送	http://www.kocofm.jp/	東北	福島県	郡山市	072036
True	[csra]	陸前高田災害FM	http://rikuzentakata-fm.blogspot.com/	東北	岩手県	陸前高田市	032107
True	[csra]	富岡臨時災害FM局(おだがいさまFM)	http://www.gurutto-koriyama.com/detail/index_213.html	東北	福島県	富岡町	075434
True	[csra]	亘理臨時災害FM局(FMあおぞら)	http://www.town.watari.miyagi.jp/index.cfm/22,21308,126,html	東北	宮城県	亘理町	043613
True	[csra]	釜石災害FM	http://www.city.kamaishi.iwate.jp/index.cfm/12,18557,121,html	東北	岩手県	釜石市	032115
False	[csra]	たかはぎFM	http://www.t768.net	関東	茨城県	高萩市	082147
False	[csra]	FM Kawaguchi	http://www.fm856.co.jp/	関東	埼玉県	川口市	112038
True	[csra]	FM-UU	http://fmuu.jp/	関東	茨城県	牛久市	082198
False	[csra]	FMひたち	http://www.hfm.or.jp/	関東	茨城県	日立市	082023
False	[csra]	775ライブリーFM	https://775fm.co.jp/	関東	埼玉県	朝霞市	112275
False	[csra]	FMぱるるん	http://www.fmpalulun.co.jp/	関東	茨城県	水戸市	082015
False	[csra]	フラワーラジオ	https://www.fm767.com/	関東	埼玉県	鴻巣市	112178
False	[csra]	REDS WAVE	http://redswave.com	関東	埼玉県	さいたま市	111007
True	[csra]	ラヂオつくば	http://radio-tsukuba.net	関東	茨城県	つくば市	082201
True	[csra]	エフエムたちかわ	http://www.fm844.co.jp/	関東	東京都	立川市	132021
False	[csra]	かわさきFM	http://www.kawasakifm.co.jp/	関東	神奈川県	川崎市	141305
True	[csra]	FM戸塚	http://www.fm-totsuka.com	関東	神奈川県	横浜市	141003
False	[csra]	調布FM	http://www.chofu-fm.com/	関東	東京都	調布市	132080
False	[csra]	かつしかFM	http://www.kfm789.co.jp/	関東	東京都	葛飾区	131229
True	[csra]	エフエムさがみ	http://www.fmsagami.co.jp/	関東	神奈川県	相模原市	141500
False	[csra]	レインボータウンFM	http://www.792fm.com/	関東	東京都	江東区	131083
True	[csra]	FM kaon	http://www.fmkaon.com/	関東	神奈川県	海老名市	142158
False	[csra]	エフエムEGAO	http://fm-egao.jp/	東海	愛知県	岡崎市	232025
True	[csra]	FMおかざき	http://www.fmokazaki.jp/	東海	愛知県	岡崎市	232025
True	[csra]	あづみ野FM	http://www.azuminofm.co.jp/	甲信越	長野県	安曇野市	202207
False	[csra]	京都三条ラジオカフェ	http://radiocafe.jp/	近畿	京都府	京都市	261009
True	[csra]	FM MOOV KOBE	http://www.fm-moov.com/	近畿	兵庫県	神戸市	281000
False	[csra]	805たんば	http://www.tanba.info/	近畿	兵庫県	丹波市	282235
True	[csra]	RADIO MIX KYOTO	http://radiomix.kyoto/	近畿	京都府	京都市	261009
True	[csra]	FM丹波	http://fukuchiyama.fm-tanba.jp/	近畿	京都府	福知山市	262013
True	[csra]	エフエムわいわい	http://tcc117.jp/fmyy/	近畿	兵庫県	神戸市	281000
True	[csra]	FMジャングル	http://www.764.fm/	近畿	兵庫県	豊岡市	282090
False	[csra]	BAN-BANラジオ	http://www.banban.jp/radio/	近畿	兵庫県	加古川市	282103
False	[csra]	FMはしもと	http://816.fm/	近畿	和歌山県	橋本市	302031
False	[csra]	FM SUN	http://www.kbn.ne.jp/fm/	四国	香川県	坂出市	372030
False	[csra]	DARAZ FM	http://www.darazfm.com/	中国	鳥取県	米子市	312029
True	[csra]	FM高松	http://www.fm815.com/	四国	香川県	高松市	372013
False	[csra]	FMびざん	http://www.bfm.jp/	四国	徳島県	徳島市	362018
False	[csra]	AIR STATION HIBIKI	http://www.hibiki882.jp/	九州沖縄	福岡県	北九州市	401005
False	[csra]	FMくめじま	http://fmkumejima.com/	九州沖縄	沖縄県	久米島町	473618
False	[csra]	FMのべおか	http://fmnobeoka.jp/	九州沖縄	宮崎県	延岡市	452033
False	[csra]	FMぎんが	http://fm786.jp/	九州沖縄	鹿児島県	鹿児島市	462012
False	[csra]	FMよなばる	http://www.fm-yonabaru.site/	九州沖縄	沖縄県	与那原町	473481
True	[csra]	あまみFM	http://www.npo-d.org	九州沖縄	鹿児島県	奄美市	462225
False	[csra]	FMしまばら	http://www.shimabara.fm/	九州沖縄	長崎県	島原市	422037
True	[csra]	スターコーンFM	http://www.starcornfm.com/	九州沖縄	福岡県	築上町	406473
False	[csra]	FM21	http://www.fm21.net/	九州沖縄	沖縄県	浦添市	472085
False	[csra]	FMレキオ	http://www.fmlequio.com/	九州沖縄	沖縄県	那覇市	472018
True	[csra]	コミュニティラジオ天神	http://comiten.jp/	九州沖縄	福岡県	福岡市	401307
True	[csra]	FMなんじょう	http://www.fm-nanjo.net/	九州沖縄	沖縄県	南城市	472158
False	[csra]	FMもとぶ	http://www.motob.net/	九州沖縄	沖縄県	本部町	473081
True	[nhkr]	NHKラジオ第1(札幌)	https://www.nhk.or.jp/radio/	北海道		札幌市	011002
True	[nhkr]	NHKラジオ第2	https://www.nhk.or.jp/radio/	北海道		札幌市	011002
True	[nhkr]	NHK-FM(札幌)	https://www.nhk.or.jp/radio/	北海道		札幌市	011002
True	[nhkr]	NHKラジオ第1(仙台)	https://www.nhk.or.jp/radio/	東北		仙台市	041009
True	[nhkr]	NHKラジオ第2	https://www.nhk.or.jp/radio/	東北		仙台市	041009
True	[nhkr]	NHK-FM(仙台)	https://www.nhk.or.jp/radio/	東北		仙台市	041009
True	[nhkr]	NHKラジオ第1(東京)	https://www.nhk.or.jp/radio/	関東		渋谷区	131130
True	[nhkr]	NHKラジオ第2	https://www.nhk.or.jp/radio/	関東		渋谷区	131130
True	[nhkr]	NHK-FM(東京)	https://www.nhk.or.jp/radio/	関東		渋谷区	131130
True	[nhkr]	NHKラジオ第1(名古屋)	https://www.nhk.or.jp/radio/	東海		名古屋市	231002
True	[nhkr]	NHKラジオ第2	https://www.nhk.or.jp/radio/	東海		名古屋市	231002
True	[nhkr]	NHK-FM(名古屋)	https://www.nhk.or.jp/radio/	東海		名古屋市	231002
True	[nhkr]	NHKラジオ第1(大阪)	https://www.nhk.or.jp/radio/	近畿		大阪市	271004
True	[nhkr]	NHKラジオ第2	https://www.nhk.or.jp/radio/	近畿		大阪市	271004
True	[nhkr]	NHK-FM(大阪)	https://www.nhk.or.jp/radio/	近畿		大阪市	271004
True	[nhkr]	NHKラジオ第1(広島)	https://www.nhk.or.jp/radio/	中国		広島市	341002
True	[nhkr]	NHKラジオ第2	https://www.nhk.or.jp/radio/	中国		広島市	341002
True	[nhkr]	NHK-FM(広島)	https://www.nhk.or.jp/radio/	中国		広島市	341002
True	[nhkr]	NHKラジオ第1(松山)	https://www.nhk.or.jp/radio/	四国		松山市	382019
True	[nhkr]	NHKラジオ第2	https://www.nhk.or.jp/radio/	四国		松山市	382019
True	[nhkr]	NHK-FM(松山)	https://www.nhk.or.jp/radio/	四国		松山市	382019
True	[nhkr]	NHKラジオ第1(福岡)	https://www.nhk.or.jp/radio/	九州沖縄		福岡市	401307
True	[nhkr]	NHKラジオ第2	https://www.nhk.or.jp/radio/	九州沖縄		福岡市	401307
True	[nhkr]	NHK-FM(福岡)	https://www.nhk.or.jp/radio/	九州沖縄		福岡市	401307
True	[radk]	HBCラジオ	https://www.hbc.co.jp	北海道	北海道	n/a	010006
True	[radk]	STVラジオ	https://www.stv.jp	北海道	北海道	n/a	010006
True	[radk]	ラジオNIKKEI第1	http://www.radionikkei.jp/	北海道	北海道	n/a	010006
True	[radk]	ラジオNIKKEI第2	http://www.radionikkei.jp/ 	北海道	北海道	n/a	010006
True	[radk]	AIR-G'(FM北海道)	https://www.air-g.co.jp/	北海道	北海道	n/a	010006
True	[radk]	FM NORTH WAVE	https://www.fmnorth.co.jp/	北海道	北海道	n/a	010006
True	[radk]	放送大学	https://www.ouj.ac.jp/	北海道	北海道	n/a	010006
True	[radk]	NHKラジオ第1(札幌)	https://www.nhk.or.jp/radio/	北海道	北海道	n/a	010006
True	[radk]	NHK-FM(東京)	https://www.nhk.or.jp/radio/	北海道	北海道	n/a	010006
True	[radk]	RAB青森放送	https://www.rab.co.jp/	東北	青森県	n/a	020001
True	[radk]	ラジオNIKKEI第1	http://www.radionikkei.jp/	東北	青森県	n/a	020001
True	[radk]	ラジオNIKKEI第2	http://www.radionikkei.jp/ 	東北	青森県	n/a	020001
True	[radk]	エフエム青森	https://www.afb.co.jp/	東北	青森県	n/a	020001
True	[radk]	放送大学	https://www.ouj.ac.jp/	東北	青森県	n/a	020001
True	[radk]	NHKラジオ第1(仙台)	https://www.nhk.or.jp/radio/	東北	青森県	n/a	020001
True	[radk]	NHK-FM(東京)	https://www.nhk.or.jp/radio/	東北	青森県	n/a	020001
True	[radk]	IBCラジオ	https://www.ibc.co.jp/radio/	東北	岩手県	n/a	030007
True	[radk]	ラジオNIKKEI第1	http://www.radionikkei.jp/	東北	岩手県	n/a	030007
True	[radk]	ラジオNIKKEI第2	http://www.radionikkei.jp/ 	東北	岩手県	n/a	030007
True	[radk]	エフエム岩手	http://www.fmii.co.jp/	東北	岩手県	n/a	030007
True	[radk]	放送大学	https://www.ouj.ac.jp/	東北	岩手県	n/a	030007
True	[radk]	NHKラジオ第1(仙台)	https://www.nhk.or.jp/radio/	東北	岩手県	n/a	030007
True	[radk]	NHK-FM(東京)	https://www.nhk.or.jp/radio/	東北	岩手県	n/a	030007
True	[radk]	TBCラジオ	http://www.tbc-sendai.co.jp/02radio/	東北	宮城県	n/a	040002
True	[radk]	ラジオNIKKEI第1	http://www.radionikkei.jp/	東北	宮城県	n/a	040002
True	[radk]	ラジオNIKKEI第2	http://www.radionikkei.jp/ 	東北	宮城県	n/a	040002
True	[radk]	Date fm エフエム仙台	http://www.datefm.co.jp/	東北	宮城県	n/a	040002
True	[radk]	放送大学	https://www.ouj.ac.jp/	東北	宮城県	n/a	040002
True	[radk]	NHKラジオ第1(仙台)	https://www.nhk.or.jp/radio/	東北	宮城県	n/a	040002
True	[radk]	NHK-FM(東京)	https://www.nhk.or.jp/radio/	東北	宮城県	n/a	040002
True	[radk]	ABS秋田放送	https://www.akita-abs.co.jp/	東北	秋田県	n/a	050008
True	[radk]	ラジオNIKKEI第1	http://www.radionikkei.jp/	東北	秋田県	n/a	050008
True	[radk]	ラジオNIKKEI第2	http://www.radionikkei.jp/ 	東北	秋田県	n/a	050008
True	[radk]	エフエム秋田	http://www.fm-akita.co.jp/	東北	秋田県	n/a	050008
True	[radk]	放送大学	https://www.ouj.ac.jp/	東北	秋田県	n/a	050008
True	[radk]	NHKラジオ第1(仙台)	https://www.nhk.or.jp/radio/	東北	秋田県	n/a	050008
True	[radk]	NHK-FM(東京)	https://www.nhk.or.jp/radio/	東北	秋田県	n/a	050008
True	[radk]	YBC山形放送	https://www.ybc.co.jp/	東北	山形県	n/a	060003
True	[radk]	ラジオNIKKEI第1	http://www.radionikkei.jp/	東北	山形県	n/a	060003
True	[radk]	ラジオNIKKEI第2	http://www.radionikkei.jp/ 	東北	山形県	n/a	060003
True	[radk]	Rhythm Station エフエム山形	http://www.rfm.co.jp/	東北	山形県	n/a	060003
True	[radk]	放送大学	https://www.ouj.ac.jp/	東北	山形県	n/a	060003
True	[radk]	NHKラジオ第1(仙台)	https://www.nhk.or.jp/radio/	東北	山形県	n/a	060003
True	[radk]	NHK-FM(東京)	https://www.nhk.or.jp/radio/	東北	山形県	n/a	060003
True	[radk]	RFCラジオ福島	http://www.rfc.jp/	東北	福島県	n/a	070009
True	[radk]	ラジオNIKKEI第1	http://www.radionikkei.jp/	東北	福島県	n/a	070009
True	[radk]	ラジオNIKKEI第2	http://www.radionikkei.jp/ 	東北	福島県	n/a	070009
True	[radk]	ふくしまFM	http://www.fmf.co.jp/	東北	福島県	n/a	070009
True	[radk]	放送大学	https://www.ouj.ac.jp/	東北	福島県	n/a	070009
True	[radk]	NHKラジオ第1(仙台)	https://www.nhk.or.jp/radio/	東北	福島県	n/a	070009
True	[radk]	NHK-FM(東京)	https://www.nhk.or.jp/radio/	東北	福島県	n/a	070009
True	[radk]	TBSラジオ	https://www.tbsradio.jp/	関東	茨城県	n/a	080004
True	[radk]	文化放送	http://www.joqr.co.jp/	関東	茨城県	n/a	080004
True	[radk]	ニッポン放送	http://www.1242.com/	関東	茨城県	n/a	080004
True	[radk]	ラジオNIKKEI第1	http://www.radionikkei.jp/	関東	茨城県	n/a	080004
True	[radk]	ラジオNIKKEI第2	http://www.radionikkei.jp/ 	関東	茨城県	n/a	080004
True	[radk]	interfm	https://www.interfm.co.jp/	関東	茨城県	n/a	080004
True	[radk]	TOKYO FM	https://www.tfm.co.jp/	関東	茨城県	n/a	080004
True	[radk]	J-WAVE	https://www.j-wave.co.jp/	関東	茨城県	n/a	080004
True	[radk]	LuckyFM 茨城放送	https://www.ibs-radio.com/	関東	茨城県	n/a	080004
True	[radk]	ラジオ日本	http://www.jorf.co.jp/	関東	茨城県	n/a	080004
True	[radk]	bayfm78	http://www.bayfm.co.jp/	関東	茨城県	n/a	080004
True	[radk]	NACK5	https://www.nack5.co.jp/	関東	茨城県	n/a	080004
True	[radk]	FMヨコハマ	https://www.fmyokohama.co.jp/	関東	茨城県	n/a	080004
True	[radk]	放送大学	https://www.ouj.ac.jp/	関東	茨城県	n/a	080004
True	[radk]	NHKラジオ第1(東京)	https://www.nhk.or.jp/radio/	関東	茨城県	n/a	080004
True	[radk]	NHK-FM(東京)	https://www.nhk.or.jp/radio/	関東	茨城県	n/a	080004
True	[radk]	TBSラジオ	https://www.tbsradio.jp/	関東	栃木県	n/a	090000
True	[radk]	文化放送	http://www.joqr.co.jp/	関東	栃木県	n/a	090000
True	[radk]	ニッポン放送	http://www.1242.com/	関東	栃木県	n/a	090000
True	[radk]	ラジオNIKKEI第1	http://www.radionikkei.jp/	関東	栃木県	n/a	090000
True	[radk]	ラジオNIKKEI第2	http://www.radionikkei.jp/ 	関東	栃木県	n/a	090000
True	[radk]	interfm	https://www.interfm.co.jp/	関東	栃木県	n/a	090000
True	[radk]	TOKYO FM	https://www.tfm.co.jp/	関東	栃木県	n/a	090000
True	[radk]	J-WAVE	https://www.j-wave.co.jp/	関東	栃木県	n/a	090000
True	[radk]	CRT栃木放送	http://www.crt-radio.co.jp/	関東	栃木県	n/a	090000
True	[radk]	RadioBerry	http://www.berry.co.jp/	関東	栃木県	n/a	090000
True	[radk]	ラジオ日本	http://www.jorf.co.jp/	関東	栃木県	n/a	090000
True	[radk]	bayfm78	http://www.bayfm.co.jp/	関東	栃木県	n/a	090000
True	[radk]	NACK5	https://www.nack5.co.jp/	関東	栃木県	n/a	090000
True	[radk]	FMヨコハマ	https://www.fmyokohama.co.jp/	関東	栃木県	n/a	090000
True	[radk]	LuckyFM 茨城放送	https://www.ibs-radio.com/	関東	栃木県	n/a	090000
True	[radk]	放送大学	https://www.ouj.ac.jp/	関東	栃木県	n/a	090000
True	[radk]	NHKラジオ第1(東京)	https://www.nhk.or.jp/radio/	関東	栃木県	n/a	090000
True	[radk]	NHK-FM(東京)	https://www.nhk.or.jp/radio/	関東	栃木県	n/a	090000
True	[radk]	TBSラジオ	https://www.tbsradio.jp/	関東	群馬県	n/a	100005
True	[radk]	文化放送	http://www.joqr.co.jp/	関東	群馬県	n/a	100005
True	[radk]	ニッポン放送	http://www.1242.com/	関東	群馬県	n/a	100005
True	[radk]	ラジオNIKKEI第1	http://www.radionikkei.jp/	関東	群馬県	n/a	100005
True	[radk]	ラジオNIKKEI第2	http://www.radionikkei.jp/ 	関東	群馬県	n/a	100005
True	[radk]	interfm	https://www.interfm.co.jp/	関東	群馬県	n/a	100005
True	[radk]	TOKYO FM	https://www.tfm.co.jp/	関東	群馬県	n/a	100005
True	[radk]	J-WAVE	https://www.j-wave.co.jp/	関東	群馬県	n/a	100005
True	[radk]	FM GUNMA	https://www.fmgunma.com	関東	群馬県	n/a	100005
True	[radk]	ラジオ日本	http://www.jorf.co.jp/	関東	群馬県	n/a	100005
True	[radk]	bayfm78	http://www.bayfm.co.jp/	関東	群馬県	n/a	100005
True	[radk]	NACK5	https://www.nack5.co.jp/	関東	群馬県	n/a	100005
True	[radk]	FMヨコハマ	https://www.fmyokohama.co.jp/	関東	群馬県	n/a	100005
True	[radk]	LuckyFM 茨城放送	https://www.ibs-radio.com/	関東	群馬県	n/a	100005
True	[radk]	放送大学	https://www.ouj.ac.jp/	関東	群馬県	n/a	100005
True	[radk]	NHKラジオ第1(東京)	https://www.nhk.or.jp/radio/	関東	群馬県	n/a	100005
True	[radk]	NHK-FM(東京)	https://www.nhk.or.jp/radio/	関東	群馬県	n/a	100005
True	[radk]	TBSラジオ	https://www.tbsradio.jp/	関東	埼玉県	n/a	110001
True	[radk]	文化放送	http://www.joqr.co.jp/	関東	埼玉県	n/a	110001
True	[radk]	ニッポン放送	http://www.1242.com/	関東	埼玉県	n/a	110001
True	[radk]	ラジオNIKKEI第1	http://www.radionikkei.jp/	関東	埼玉県	n/a	110001
True	[radk]	ラジオNIKKEI第2	http://www.radionikkei.jp/ 	関東	埼玉県	n/a	110001
True	[radk]	interfm	https://www.interfm.co.jp/	関東	埼玉県	n/a	110001
True	[radk]	TOKYO FM	https://www.tfm.co.jp/	関東	埼玉県	n/a	110001
True	[radk]	J-WAVE	https://www.j-wave.co.jp/	関東	埼玉県	n/a	110001
True	[radk]	ラジオ日本	http://www.jorf.co.jp/	関東	埼玉県	n/a	110001
True	[radk]	bayfm78	http://www.bayfm.co.jp/	関東	埼玉県	n/a	110001
True	[radk]	NACK5	https://www.nack5.co.jp/	関東	埼玉県	n/a	110001
True	[radk]	FMヨコハマ	https://www.fmyokohama.co.jp/	関東	埼玉県	n/a	110001
True	[radk]	LuckyFM 茨城放送	https://www.ibs-radio.com/	関東	埼玉県	n/a	110001
True	[radk]	放送大学	https://www.ouj.ac.jp/	関東	埼玉県	n/a	110001
True	[radk]	NHKラジオ第1(東京)	https://www.nhk.or.jp/radio/	関東	埼玉県	n/a	110001
True	[radk]	NHK-FM(東京)	https://www.nhk.or.jp/radio/	関東	埼玉県	n/a	110001
True	[radk]	TBSラジオ	https://www.tbsradio.jp/	関東	千葉県	n/a	120006
True	[radk]	文化放送	http://www.joqr.co.jp/	関東	千葉県	n/a	120006
True	[radk]	ニッポン放送	http://www.1242.com/	関東	千葉県	n/a	120006
True	[radk]	ラジオNIKKEI第1	http://www.radionikkei.jp/	関東	千葉県	n/a	120006
True	[radk]	ラジオNIKKEI第2	http://www.radionikkei.jp/ 	関東	千葉県	n/a	120006
True	[radk]	interfm	https://www.interfm.co.jp/	関東	千葉県	n/a	120006
True	[radk]	TOKYO FM	https://www.tfm.co.jp/	関東	千葉県	n/a	120006
True	[radk]	J-WAVE	https://www.j-wave.co.jp/	関東	千葉県	n/a	120006
True	[radk]	ラジオ日本	http://www.jorf.co.jp/	関東	千葉県	n/a	120006
True	[radk]	bayfm78	http://www.bayfm.co.jp/	関東	千葉県	n/a	120006
True	[radk]	NACK5	https://www.nack5.co.jp/	関東	千葉県	n/a	120006
True	[radk]	FMヨコハマ	https://www.fmyokohama.co.jp/	関東	千葉県	n/a	120006
True	[radk]	LuckyFM 茨城放送	https://www.ibs-radio.com/	関東	千葉県	n/a	120006
True	[radk]	放送大学	https://www.ouj.ac.jp/	関東	千葉県	n/a	120006
True	[radk]	NHKラジオ第1(東京)	https://www.nhk.or.jp/radio/	関東	千葉県	n/a	120006
True	[radk]	NHK-FM(東京)	https://www.nhk.or.jp/radio/	関東	千葉県	n/a	120006
True	[radk]	TBSラジオ	https://www.tbsradio.jp/	関東	東京都	n/a	130001
True	[radk]	文化放送	http://www.joqr.co.jp/	関東	東京都	n/a	130001
True	[radk]	ニッポン放送	http://www.1242.com/	関東	東京都	n/a	130001
True	[radk]	ラジオNIKKEI第1	http://www.radionikkei.jp/	関東	東京都	n/a	130001
True	[radk]	ラジオNIKKEI第2	http://www.radionikkei.jp/ 	関東	東京都	n/a	130001
True	[radk]	interfm	https://www.interfm.co.jp/	関東	東京都	n/a	130001
True	[radk]	TOKYO FM	https://www.tfm.co.jp/	関東	東京都	n/a	130001
True	[radk]	J-WAVE	https://www.j-wave.co.jp/	関東	東京都	n/a	130001
True	[radk]	ラジオ日本	http://www.jorf.co.jp/	関東	東京都	n/a	130001
True	[radk]	bayfm78	http://www.bayfm.co.jp/	関東	東京都	n/a	130001
True	[radk]	NACK5	https://www.nack5.co.jp/	関東	東京都	n/a	130001
True	[radk]	FMヨコハマ	https://www.fmyokohama.co.jp/	関東	東京都	n/a	130001
True	[radk]	LuckyFM 茨城放送	https://www.ibs-radio.com/	関東	東京都	n/a	130001
True	[radk]	放送大学	https://www.ouj.ac.jp/	関東	東京都	n/a	130001
True	[radk]	NHKラジオ第1(東京)	https://www.nhk.or.jp/radio/	関東	東京都	n/a	130001
True	[radk]	NHK-FM(東京)	https://www.nhk.or.jp/radio/	関東	東京都	n/a	130001
True	[radk]	TBSラジオ	https://www.tbsradio.jp/	関東	神奈川県	n/a	140007
True	[radk]	文化放送	http://www.joqr.co.jp/	関東	神奈川県	n/a	140007
True	[radk]	ニッポン放送	http://www.1242.com/	関東	神奈川県	n/a	140007
True	[radk]	ラジオNIKKEI第1	http://www.radionikkei.jp/	関東	神奈川県	n/a	140007
True	[radk]	ラジオNIKKEI第2	http://www.radionikkei.jp/ 	関東	神奈川県	n/a	140007
True	[radk]	interfm	https://www.interfm.co.jp/	関東	神奈川県	n/a	140007
True	[radk]	TOKYO FM	https://www.tfm.co.jp/	関東	神奈川県	n/a	140007
True	[radk]	J-WAVE	https://www.j-wave.co.jp/	関東	神奈川県	n/a	140007
True	[radk]	ラジオ日本	http://www.jorf.co.jp/	関東	神奈川県	n/a	140007
True	[radk]	bayfm78	http://www.bayfm.co.jp/	関東	神奈川県	n/a	140007
True	[radk]	NACK5	https://www.nack5.co.jp/	関東	神奈川県	n/a	140007
True	[radk]	FMヨコハマ	https://www.fmyokohama.co.jp/	関東	神奈川県	n/a	140007
True	[radk]	LuckyFM 茨城放送	https://www.ibs-radio.com/	関東	神奈川県	n/a	140007
True	[radk]	放送大学	https://www.ouj.ac.jp/	関東	神奈川県	n/a	140007
True	[radk]	NHKラジオ第1(東京)	https://www.nhk.or.jp/radio/	関東	神奈川県	n/a	140007
True	[radk]	NHK-FM(東京)	https://www.nhk.or.jp/radio/	関東	神奈川県	n/a	140007
True	[radk]	BSNラジオ	https://www.ohbsn.com/radio/	甲信越	新潟県	n/a	150002
True	[radk]	ラジオNIKKEI第1	http://www.radionikkei.jp/	甲信越	新潟県	n/a	150002
True	[radk]	ラジオNIKKEI第2	http://www.radionikkei.jp/ 	甲信越	新潟県	n/a	150002
True	[radk]	FM NIIGATA	https://www.fmniigata.com/	甲信越	新潟県	n/a	150002
True	[radk]	放送大学	https://www.ouj.ac.jp/	甲信越	新潟県	n/a	150002
True	[radk]	NHKラジオ第1(東京)	https://www.nhk.or.jp/radio/	甲信越	新潟県	n/a	150002
True	[radk]	NHK-FM(東京)	https://www.nhk.or.jp/radio/	甲信越	新潟県	n/a	150002
True	[radk]	KNBラジオ	https://www.knb.ne.jp/radio/	甲信越	富山県	n/a	160008
True	[radk]	ラジオNIKKEI第1	http://www.radionikkei.jp/	甲信越	富山県	n/a	160008
True	[radk]	ラジオNIKKEI第2	http://www.radionikkei.jp/ 	甲信越	富山県	n/a	160008
True	[radk]	FMとやま	http://www.fmtoyama.co.jp/	甲信越	富山県	n/a	160008
True	[radk]	放送大学	https://www.ouj.ac.jp/	甲信越	富山県	n/a	160008
True	[radk]	NHKラジオ第1(名古屋)	https://www.nhk.or.jp/radio/	甲信越	富山県	n/a	160008
True	[radk]	NHK-FM(東京)	https://www.nhk.or.jp/radio/	甲信越	富山県	n/a	160008
True	[radk]	MROラジオ	https://www.mro.co.jp/radio/	甲信越	石川県	n/a	170003
True	[radk]	ラジオNIKKEI第1	http://www.radionikkei.jp/	甲信越	石川県	n/a	170003
True	[radk]	ラジオNIKKEI第2	http://www.radionikkei.jp/ 	甲信越	石川県	n/a	170003
True	[radk]	エフエム石川	http://hellofive.jp/index.html	甲信越	石川県	n/a	170003
True	[radk]	放送大学	https://www.ouj.ac.jp/	甲信越	石川県	n/a	170003
True	[radk]	NHKラジオ第1(名古屋)	https://www.nhk.or.jp/radio/	甲信越	石川県	n/a	170003
True	[radk]	NHK-FM(東京)	https://www.nhk.or.jp/radio/	甲信越	石川県	n/a	170003
True	[radk]	FBCラジオ	http://www2.fbc.jp/radio/	甲信越	福井県	n/a	180009
True	[radk]	ラジオNIKKEI第1	http://www.radionikkei.jp/	甲信越	福井県	n/a	180009
True	[radk]	ラジオNIKKEI第2	http://www.radionikkei.jp/ 	甲信越	福井県	n/a	180009
True	[radk]	FM福井	https://www.fmfukui.jp	甲信越	福井県	n/a	180009
True	[radk]	放送大学	https://www.ouj.ac.jp/	甲信越	福井県	n/a	180009
True	[radk]	NHKラジオ第1(名古屋)	https://www.nhk.or.jp/radio/	甲信越	福井県	n/a	180009
True	[radk]	NHK-FM(東京)	https://www.nhk.or.jp/radio/	甲信越	福井県	n/a	180009
True	[radk]	YBSラジオ	https://www.ybs.jp/	甲信越	山梨県	n/a	190004
True	[radk]	ラジオNIKKEI第1	http://www.radionikkei.jp/	甲信越	山梨県	n/a	190004
True	[radk]	ラジオNIKKEI第2	http://www.radionikkei.jp/ 	甲信越	山梨県	n/a	190004
True	[radk]	FM FUJI	http://www.fmfuji.jp/	甲信越	山梨県	n/a	190004
True	[radk]	放送大学	https://www.ouj.ac.jp/	甲信越	山梨県	n/a	190004
True	[radk]	NHKラジオ第1(東京)	https://www.nhk.or.jp/radio/	甲信越	山梨県	n/a	190004
True	[radk]	NHK-FM(東京)	https://www.nhk.or.jp/radio/	甲信越	山梨県	n/a	190004
True	[radk]	SBCラジオ	https://sbc21.co.jp/blogwp/radio/	甲信越	長野県	n/a	200000
True	[radk]	ラジオNIKKEI第1	http://www.radionikkei.jp/	甲信越	長野県	n/a	200000
True	[radk]	ラジオNIKKEI第2	http://www.radionikkei.jp/ 	甲信越	長野県	n/a	200000
True	[radk]	FM長野	http://www.fmnagano.co.jp/	甲信越	長野県	n/a	200000
True	[radk]	放送大学	https://www.ouj.ac.jp/	甲信越	長野県	n/a	200000
True	[radk]	NHKラジオ第1(東京)	https://www.nhk.or.jp/radio/	甲信越	長野県	n/a	200000
True	[radk]	NHK-FM(東京)	https://www.nhk.or.jp/radio/	甲信越	長野県	n/a	200000
True	[radk]	CBCラジオ	https://hicbc.com/radio/	東海	岐阜県	n/a	210005
True	[radk]	TOKAI RADIO	https://www.tokairadio.co.jp/	東海	岐阜県	n/a	210005
True	[radk]	ぎふチャン	http://www.zf-web.com/	東海	岐阜県	n/a	210005
True	[radk]	ラジオNIKKEI第1	http://www.radionikkei.jp/	東海	岐阜県	n/a	210005
True	[radk]	ラジオNIKKEI第2	http://www.radionikkei.jp/ 	東海	岐阜県	n/a	210005
True	[radk]	ZIP-FM	https://zip-fm.co.jp/	東海	岐阜県	n/a	210005
True	[radk]	FM GIFU	http://www.fmgifu.com/	東海	岐阜県	n/a	210005
True	[radk]	FM AICHI	https://fma.co.jp/	東海	岐阜県	n/a	210005
True	[radk]	放送大学	https://www.ouj.ac.jp/	東海	岐阜県	n/a	210005
True	[radk]	NHKラジオ第1(名古屋)	https://www.nhk.or.jp/radio/	東海	岐阜県	n/a	210005
True	[radk]	NHK-FM(東京)	https://www.nhk.or.jp/radio/	東海	岐阜県	n/a	210005
True	[radk]	SBSラジオ	https://www.at-s.com/sbsradio/	東海	静岡県	n/a	220001
True	[radk]	ラジオNIKKEI第1	http://www.radionikkei.jp/	東海	静岡県	n/a	220001
True	[radk]	ラジオNIKKEI第2	http://www.radionikkei.jp/ 	東海	静岡県	n/a	220001
True	[radk]	K-MIX	https://www.k-mix.co.jp/	東海	静岡県	n/a	220001
True	[radk]	放送大学	https://www.ouj.ac.jp/	東海	静岡県	n/a	220001
True	[radk]	NHKラジオ第1(名古屋)	https://www.nhk.or.jp/radio/	東海	静岡県	n/a	220001
True	[radk]	NHK-FM(東京)	https://www.nhk.or.jp/radio/	東海	静岡県	n/a	220001
True	[radk]	CBCラジオ	https://hicbc.com/radio/	東海	愛知県	n/a	230006
True	[radk]	TOKAI RADIO	https://www.tokairadio.co.jp/	東海	愛知県	n/a	230006
True	[radk]	ぎふチャン	http://www.zf-web.com/	東海	愛知県	n/a	230006
True	[radk]	ラジオNIKKEI第1	http://www.radionikkei.jp/	東海	愛知県	n/a	230006
True	[radk]	ラジオNIKKEI第2	http://www.radionikkei.jp/ 	東海	愛知県	n/a	230006
True	[radk]	ZIP-FM	https://zip-fm.co.jp/	東海	愛知県	n/a	230006
True	[radk]	FM AICHI	https://fma.co.jp/	東海	愛知県	n/a	230006
True	[radk]	放送大学	https://www.ouj.ac.jp/	東海	愛知県	n/a	230006
True	[radk]	NHKラジオ第1(名古屋)	https://www.nhk.or.jp/radio/	東海	愛知県	n/a	230006
True	[radk]	NHK-FM(東京)	https://www.nhk.or.jp/radio/	東海	愛知県	n/a	230006
True	[radk]	CBCラジオ	https://hicbc.com/radio/	東海	三重県	n/a	240001
True	[radk]	TOKAI RADIO	https://www.tokairadio.co.jp/	東海	三重県	n/a	240001
True	[radk]	ぎふチャン	http://www.zf-web.com/	東海	三重県	n/a	240001
True	[radk]	ラジオNIKKEI第1	http://www.radionikkei.jp/	東海	三重県	n/a	240001
True	[radk]	ラジオNIKKEI第2	http://www.radionikkei.jp/ 	東海	三重県	n/a	240001
True	[radk]	ZIP-FM	https://zip-fm.co.jp/	東海	三重県	n/a	240001
True	[radk]	レディオキューブ FM三重	http://www.fmmie.jp/	東海	三重県	n/a	240001
True	[radk]	FM AICHI	https://fma.co.jp/	東海	三重県	n/a	240001
True	[radk]	放送大学	https://www.ouj.ac.jp/	東海	三重県	n/a	240001
True	[radk]	NHKラジオ第1(名古屋)	https://www.nhk.or.jp/radio/	東海	三重県	n/a	240001
True	[radk]	NHK-FM(東京)	https://www.nhk.or.jp/radio/	東海	三重県	n/a	240001
True	[radk]	ABCラジオ	https://abcradio.asahi.co.jp/	近畿	滋賀県	n/a	250007
True	[radk]	MBSラジオ	https://www.mbs1179.com/	近畿	滋賀県	n/a	250007
True	[radk]	OBCラジオ大阪	http://www.obc1314.co.jp/	近畿	滋賀県	n/a	250007
True	[radk]	FM COCOLO	https://cocolo.jp	近畿	滋賀県	n/a	250007
True	[radk]	FM802	https://funky802.com/	近畿	滋賀県	n/a	250007
True	[radk]	FM大阪	http://fmosaka.net/	近畿	滋賀県	n/a	250007
True	[radk]	ラジオNIKKEI第1	http://www.radionikkei.jp/	近畿	滋賀県	n/a	250007
True	[radk]	ラジオNIKKEI第2	http://www.radionikkei.jp/ 	近畿	滋賀県	n/a	250007
True	[radk]	KBS京都ラジオ	https://www.kbs-kyoto.co.jp/	近畿	滋賀県	n/a	250007
True	[radk]	Kiss FM KOBE	https://www.kiss-fm.co.jp/	近畿	滋賀県	n/a	250007
True	[radk]	e-radio FM滋賀	https://www.e-radio.co.jp/	近畿	滋賀県	n/a	250007
True	[radk]	ラジオ関西	https://jocr.jp/	近畿	滋賀県	n/a	250007
True	[radk]	α-STATION FM KYOTO	http://fm-kyoto.jp/	近畿	滋賀県	n/a	250007
True	[radk]	放送大学	https://www.ouj.ac.jp/	近畿	滋賀県	n/a	250007
True	[radk]	NHKラジオ第1(大阪)	https://www.nhk.or.jp/radio/	近畿	滋賀県	n/a	250007
True	[radk]	NHK-FM(東京)	https://www.nhk.or.jp/radio/	近畿	滋賀県	n/a	250007
True	[radk]	ABCラジオ	https://abcradio.asahi.co.jp/	近畿	京都府	n/a	260002
True	[radk]	MBSラジオ	https://www.mbs1179.com/	近畿	京都府	n/a	260002
True	[radk]	OBCラジオ大阪	http://www.obc1314.co.jp/	近畿	京都府	n/a	260002
True	[radk]	FM COCOLO	https://cocolo.jp	近畿	京都府	n/a	260002
True	[radk]	FM802	https://funky802.com/	近畿	京都府	n/a	260002
True	[radk]	FM大阪	http://fmosaka.net/	近畿	京都府	n/a	260002
True	[radk]	ラジオNIKKEI第1	http://www.radionikkei.jp/	近畿	京都府	n/a	260002
True	[radk]	ラジオNIKKEI第2	http://www.radionikkei.jp/ 	近畿	京都府	n/a	260002
True	[radk]	KBS京都ラジオ	https://www.kbs-kyoto.co.jp/	近畿	京都府	n/a	260002
True	[radk]	Kiss FM KOBE	https://www.kiss-fm.co.jp/	近畿	京都府	n/a	260002
True	[radk]	α-STATION FM KYOTO	http://fm-kyoto.jp/	近畿	京都府	n/a	260002
True	[radk]	ラジオ関西	https://jocr.jp/	近畿	京都府	n/a	260002
True	[radk]	放送大学	https://www.ouj.ac.jp/	近畿	京都府	n/a	260002
True	[radk]	NHKラジオ第1(大阪)	https://www.nhk.or.jp/radio/	近畿	京都府	n/a	260002
True	[radk]	NHK-FM(東京)	https://www.nhk.or.jp/radio/	近畿	京都府	n/a	260002
True	[radk]	ABCラジオ	https://abcradio.asahi.co.jp/	近畿	大阪府	n/a	270008
True	[radk]	MBSラジオ	https://www.mbs1179.com/	近畿	大阪府	n/a	270008
True	[radk]	OBCラジオ大阪	http://www.obc1314.co.jp/	近畿	大阪府	n/a	270008
True	[radk]	FM COCOLO	https://cocolo.jp	近畿	大阪府	n/a	270008
True	[radk]	FM802	https://funky802.com/	近畿	大阪府	n/a	270008
True	[radk]	FM大阪	http://fmosaka.net/	近畿	大阪府	n/a	270008
True	[radk]	ラジオNIKKEI第1	http://www.radionikkei.jp/	近畿	大阪府	n/a	270008
True	[radk]	ラジオNIKKEI第2	http://www.radionikkei.jp/ 	近畿	大阪府	n/a	270008
True	[radk]	Kiss FM KOBE	https://www.kiss-fm.co.jp/	近畿	大阪府	n/a	270008
True	[radk]	ラジオ関西	https://jocr.jp/	近畿	大阪府	n/a	270008
True	[radk]	KBS京都ラジオ	https://www.kbs-kyoto.co.jp/	近畿	大阪府	n/a	270008
True	[radk]	α-STATION FM KYOTO	http://fm-kyoto.jp/	近畿	大阪府	n/a	270008
True	[radk]	放送大学	https://www.ouj.ac.jp/	近畿	大阪府	n/a	270008
True	[radk]	NHKラジオ第1(大阪)	https://www.nhk.or.jp/radio/	近畿	大阪府	n/a	270008
True	[radk]	NHK-FM(東京)	https://www.nhk.or.jp/radio/	近畿	大阪府	n/a	270008
True	[radk]	ABCラジオ	https://abcradio.asahi.co.jp/	近畿	兵庫県	n/a	280003
True	[radk]	MBSラジオ	https://www.mbs1179.com/	近畿	兵庫県	n/a	280003
True	[radk]	OBCラジオ大阪	http://www.obc1314.co.jp/	近畿	兵庫県	n/a	280003
True	[radk]	FM COCOLO	https://cocolo.jp	近畿	兵庫県	n/a	280003
True	[radk]	FM802	https://funky802.com/	近畿	兵庫県	n/a	280003
True	[radk]	FM大阪	http://fmosaka.net/	近畿	兵庫県	n/a	280003
True	[radk]	ラジオNIKKEI第1	http://www.radionikkei.jp/	近畿	兵庫県	n/a	280003
True	[radk]	ラジオNIKKEI第2	http://www.radionikkei.jp/ 	近畿	兵庫県	n/a	280003
True	[radk]	ラジオ関西	https://jocr.jp/	近畿	兵庫県	n/a	280003
True	[radk]	Kiss FM KOBE	https://www.kiss-fm.co.jp/	近畿	兵庫県	n/a	280003
True	[radk]	放送大学	https://www.ouj.ac.jp/	近畿	兵庫県	n/a	280003
True	[radk]	NHKラジオ第1(大阪)	https://www.nhk.or.jp/radio/	近畿	兵庫県	n/a	280003
True	[radk]	NHK-FM(東京)	https://www.nhk.or.jp/radio/	近畿	兵庫県	n/a	280003
True	[radk]	ABCラジオ	https://abcradio.asahi.co.jp/	近畿	奈良県	n/a	290009
True	[radk]	MBSラジオ	https://www.mbs1179.com/	近畿	奈良県	n/a	290009
True	[radk]	OBCラジオ大阪	http://www.obc1314.co.jp/	近畿	奈良県	n/a	290009
True	[radk]	FM COCOLO	https://cocolo.jp	近畿	奈良県	n/a	290009
True	[radk]	FM802	https://funky802.com/	近畿	奈良県	n/a	290009
True	[radk]	FM大阪	http://fmosaka.net/	近畿	奈良県	n/a	290009
True	[radk]	ラジオNIKKEI第1	http://www.radionikkei.jp/	近畿	奈良県	n/a	290009
True	[radk]	ラジオNIKKEI第2	http://www.radionikkei.jp/ 	近畿	奈良県	n/a	290009
True	[radk]	Kiss FM KOBE	https://www.kiss-fm.co.jp/	近畿	奈良県	n/a	290009
True	[radk]	ラジオ関西	https://jocr.jp/	近畿	奈良県	n/a	290009
True	[radk]	α-STATION FM KYOTO	http://fm-kyoto.jp/	近畿	奈良県	n/a	290009
True	[radk]	放送大学	https://www.ouj.ac.jp/	近畿	奈良県	n/a	290009
True	[radk]	NHKラジオ第1(大阪)	https://www.nhk.or.jp/radio/	近畿	奈良県	n/a	290009
True	[radk]	NHK-FM(東京)	https://www.nhk.or.jp/radio/	近畿	奈良県	n/a	290009
True	[radk]	ABCラジオ	https://abcradio.asahi.co.jp/	近畿	和歌山県	n/a	300004
True	[radk]	MBSラジオ	https://www.mbs1179.com/	近畿	和歌山県	n/a	300004
True	[radk]	OBCラジオ大阪	http://www.obc1314.co.jp/	近畿	和歌山県	n/a	300004
True	[radk]	FM COCOLO	https://cocolo.jp	近畿	和歌山県	n/a	300004
True	[radk]	FM802	https://funky802.com/	近畿	和歌山県	n/a	300004
True	[radk]	FM大阪	http://fmosaka.net/	近畿	和歌山県	n/a	300004
True	[radk]	wbs和歌山放送	https://www.wbs.co.jp/	近畿	和歌山県	n/a	300004
True	[radk]	ラジオNIKKEI第1	http://www.radionikkei.jp/	近畿	和歌山県	n/a	300004
True	[radk]	ラジオNIKKEI第2	http://www.radionikkei.jp/ 	近畿	和歌山県	n/a	300004
True	[radk]	Kiss FM KOBE	https://www.kiss-fm.co.jp/	近畿	和歌山県	n/a	300004
True	[radk]	ラジオ関西	https://jocr.jp/	近畿	和歌山県	n/a	300004
True	[radk]	放送大学	https://www.ouj.ac.jp/	近畿	和歌山県	n/a	300004
True	[radk]	NHKラジオ第1(大阪)	https://www.nhk.or.jp/radio/	近畿	和歌山県	n/a	300004
True	[radk]	NHK-FM(東京)	https://www.nhk.or.jp/radio/	近畿	和歌山県	n/a	300004
True	[radk]	BSSラジオ	https://www.bss.jp/radio/	中国	鳥取県	n/a	310000
True	[radk]	ラジオNIKKEI第1	http://www.radionikkei.jp/	中国	鳥取県	n/a	310000
True	[radk]	ラジオNIKKEI第2	http://www.radionikkei.jp/ 	中国	鳥取県	n/a	310000
True	[radk]	エフエム山陰	http://www.fm-sanin.co.jp/	中国	鳥取県	n/a	310000
True	[radk]	放送大学	https://www.ouj.ac.jp/	中国	鳥取県	n/a	310000
True	[radk]	NHKラジオ第1(広島)	https://www.nhk.or.jp/radio/	中国	鳥取県	n/a	310000
True	[radk]	NHK-FM(東京)	https://www.nhk.or.jp/radio/	中国	鳥取県	n/a	310000
True	[radk]	BSSラジオ	https://www.bss.jp/radio/	中国	島根県	n/a	320005
True	[radk]	ラジオNIKKEI第1	http://www.radionikkei.jp/	中国	島根県	n/a	320005
True	[radk]	ラジオNIKKEI第2	http://www.radionikkei.jp/ 	中国	島根県	n/a	320005
True	[radk]	エフエム山陰	http://www.fm-sanin.co.jp/	中国	島根県	n/a	320005
True	[radk]	放送大学	https://www.ouj.ac.jp/	中国	島根県	n/a	320005
True	[radk]	NHKラジオ第1(広島)	https://www.nhk.or.jp/radio/	中国	島根県	n/a	320005
True	[radk]	NHK-FM(東京)	https://www.nhk.or.jp/radio/	中国	島根県	n/a	320005
True	[radk]	RSKラジオ	http://www.rsk.co.jp/	中国	岡山県	n/a	330001
True	[radk]	ラジオNIKKEI第1	http://www.radionikkei.jp/	中国	岡山県	n/a	330001
True	[radk]	ラジオNIKKEI第2	http://www.radionikkei.jp/ 	中国	岡山県	n/a	330001
True	[radk]	FM岡山	http://www.fm-okayama.co.jp/	中国	岡山県	n/a	330001
True	[radk]	放送大学	https://www.ouj.ac.jp/	中国	岡山県	n/a	330001
True	[radk]	NHKラジオ第1(広島)	https://www.nhk.or.jp/radio/	中国	岡山県	n/a	330001
True	[radk]	NHK-FM(東京)	https://www.nhk.or.jp/radio/	中国	岡山県	n/a	330001
True	[radk]	RCCラジオ	https://radio.rcc.jp/	中国	広島県	n/a	340006
True	[radk]	ラジオNIKKEI第1	http://www.radionikkei.jp/	中国	広島県	n/a	340006
True	[radk]	ラジオNIKKEI第2	http://www.radionikkei.jp/ 	中国	広島県	n/a	340006
True	[radk]	広島FM	http://www.hiroshima-fm.co.jp/	中国	広島県	n/a	340006
True	[radk]	放送大学	https://www.ouj.ac.jp/	中国	広島県	n/a	340006
True	[radk]	NHKラジオ第1(広島)	https://www.nhk.or.jp/radio/	中国	広島県	n/a	340006
True	[radk]	NHK-FM(東京)	https://www.nhk.or.jp/radio/	中国	広島県	n/a	340006
True	[radk]	KRY山口放送	http://kry.co.jp/	中国	山口県	n/a	350001
True	[radk]	ラジオNIKKEI第1	http://www.radionikkei.jp/	中国	山口県	n/a	350001
True	[radk]	ラジオNIKKEI第2	http://www.radionikkei.jp/ 	中国	山口県	n/a	350001
True	[radk]	エフエム山口	http://www.fmy.co.jp/	中国	山口県	n/a	350001
True	[radk]	放送大学	https://www.ouj.ac.jp/	中国	山口県	n/a	350001
True	[radk]	NHKラジオ第1(広島)	https://www.nhk.or.jp/radio/	中国	山口県	n/a	350001
True	[radk]	NHK-FM(東京)	https://www.nhk.or.jp/radio/	中国	山口県	n/a	350001
True	[radk]	JRT四国放送	http://www.jrt.co.jp/	四国	徳島県	n/a	360007
True	[radk]	ラジオNIKKEI第1	http://www.radionikkei.jp/	四国	徳島県	n/a	360007
True	[radk]	ラジオNIKKEI第2	http://www.radionikkei.jp/ 	四国	徳島県	n/a	360007
True	[radk]	FM徳島	http://www.fm807.jp/	四国	徳島県	n/a	360007
True	[radk]	放送大学	https://www.ouj.ac.jp/	四国	徳島県	n/a	360007
True	[radk]	NHKラジオ第1(松山)	https://www.nhk.or.jp/radio/	四国	徳島県	n/a	360007
True	[radk]	NHK-FM(東京)	https://www.nhk.or.jp/radio/	四国	徳島県	n/a	360007
True	[radk]	RNC西日本放送	http://www.rnc.co.jp/	四国	香川県	n/a	370002
True	[radk]	ラジオNIKKEI第1	http://www.radionikkei.jp/	四国	香川県	n/a	370002
True	[radk]	ラジオNIKKEI第2	http://www.radionikkei.jp/ 	四国	香川県	n/a	370002
True	[radk]	エフエム香川	https://www.fmkagawa.co.jp/	四国	香川県	n/a	370002
True	[radk]	放送大学	https://www.ouj.ac.jp/	四国	香川県	n/a	370002
True	[radk]	NHKラジオ第1(松山)	https://www.nhk.or.jp/radio/	四国	香川県	n/a	370002
True	[radk]	NHK-FM(東京)	https://www.nhk.or.jp/radio/	四国	香川県	n/a	370002
True	[radk]	RNB南海放送	https://www.rnb.co.jp/	四国	愛媛県	n/a	380008
True	[radk]	ラジオNIKKEI第1	http://www.radionikkei.jp/	四国	愛媛県	n/a	380008
True	[radk]	ラジオNIKKEI第2	http://www.radionikkei.jp/ 	四国	愛媛県	n/a	380008
True	[radk]	FM愛媛	https://www.joeufm.co.jp/	四国	愛媛県	n/a	380008
True	[radk]	放送大学	https://www.ouj.ac.jp/	四国	愛媛県	n/a	380008
True	[radk]	NHKラジオ第1(松山)	https://www.nhk.or.jp/radio/	四国	愛媛県	n/a	380008
True	[radk]	NHK-FM(東京)	https://www.nhk.or.jp/radio/	四国	愛媛県	n/a	380008
True	[radk]	RKC高知放送	http://www.rkc-kochi.co.jp/	四国	高知県	n/a	390003
True	[radk]	ラジオNIKKEI第1	http://www.radionikkei.jp/	四国	高知県	n/a	390003
True	[radk]	ラジオNIKKEI第2	http://www.radionikkei.jp/ 	四国	高知県	n/a	390003
True	[radk]	エフエム高知	http://www.fmkochi.com/	四国	高知県	n/a	390003
True	[radk]	放送大学	https://www.ouj.ac.jp/	四国	高知県	n/a	390003
True	[radk]	NHKラジオ第1(松山)	https://www.nhk.or.jp/radio/	四国	高知県	n/a	390003
True	[radk]	NHK-FM(東京)	https://www.nhk.or.jp/radio/	四国	高知県	n/a	390003
True	[radk]	RKBラジオ	https://rkbr.jp/	九州沖縄	福岡県	n/a	400009
True	[radk]	KBCラジオ	https://kbc.co.jp/radio/	九州沖縄	福岡県	n/a	400009
True	[radk]	ラジオNIKKEI第1	http://www.radionikkei.jp/	九州沖縄	福岡県	n/a	400009
True	[radk]	ラジオNIKKEI第2	http://www.radionikkei.jp/ 	九州沖縄	福岡県	n/a	400009
True	[radk]	LOVE FM	https://www.lovefm.co.jp/	九州沖縄	福岡県	n/a	400009
True	[radk]	CROSS FM	http://www.crossfm.co.jp/	九州沖縄	福岡県	n/a	400009
True	[radk]	FM FUKUOKA	https://fmfukuoka.co.jp	九州沖縄	福岡県	n/a	400009
True	[radk]	放送大学	https://www.ouj.ac.jp/	九州沖縄	福岡県	n/a	400009
True	[radk]	NHKラジオ第1(福岡)	https://www.nhk.or.jp/radio/	九州沖縄	福岡県	n/a	400009
True	[radk]	NHK-FM(東京)	https://www.nhk.or.jp/radio/	九州沖縄	福岡県	n/a	400009
True	[radk]	ラジオNIKKEI第1	http://www.radionikkei.jp/	九州沖縄	佐賀県	n/a	410004
True	[radk]	ラジオNIKKEI第2	http://www.radionikkei.jp/ 	九州沖縄	佐賀県	n/a	410004
True	[radk]	エフエム佐賀	http://www.fmsaga.co.jp/	九州沖縄	佐賀県	n/a	410004
True	[radk]	NBCラジオ	https://www.nbc-nagasaki.co.jp/radio/	九州沖縄	佐賀県	n/a	410004
True	[radk]	RKBラジオ	https://rkbr.jp/	九州沖縄	佐賀県	n/a	410004
True	[radk]	KBCラジオ	https://kbc.co.jp/radio/	九州沖縄	佐賀県	n/a	410004
True	[radk]	放送大学	https://www.ouj.ac.jp/	九州沖縄	佐賀県	n/a	410004
True	[radk]	NHKラジオ第1(福岡)	https://www.nhk.or.jp/radio/	九州沖縄	佐賀県	n/a	410004
True	[radk]	NHK-FM(東京)	https://www.nhk.or.jp/radio/	九州沖縄	佐賀県	n/a	410004
True	[radk]	NBCラジオ	https://www.nbc-nagasaki.co.jp/radio/	九州沖縄	長崎県	n/a	420000
True	[radk]	ラジオNIKKEI第1	http://www.radionikkei.jp/	九州沖縄	長崎県	n/a	420000
True	[radk]	ラジオNIKKEI第2	http://www.radionikkei.jp/ 	九州沖縄	長崎県	n/a	420000
True	[radk]	FM長崎	http://www.fmnagasaki.co.jp/	九州沖縄	長崎県	n/a	420000
True	[radk]	放送大学	https://www.ouj.ac.jp/	九州沖縄	長崎県	n/a	420000
True	[radk]	NHKラジオ第1(福岡)	https://www.nhk.or.jp/radio/	九州沖縄	長崎県	n/a	420000
True	[radk]	NHK-FM(東京)	https://www.nhk.or.jp/radio/	九州沖縄	長崎県	n/a	420000
True	[radk]	RKKラジオ	http://rkk.jp/radio/	九州沖縄	熊本県	n/a	430005
True	[radk]	ラジオNIKKEI第1	http://www.radionikkei.jp/	九州沖縄	熊本県	n/a	430005
True	[radk]	ラジオNIKKEI第2	http://www.radionikkei.jp/ 	九州沖縄	熊本県	n/a	430005
True	[radk]	FMKエフエム熊本	https://fmk.fm/	九州沖縄	熊本県	n/a	430005
True	[radk]	放送大学	https://www.ouj.ac.jp/	九州沖縄	熊本県	n/a	430005
True	[radk]	NHKラジオ第1(福岡)	https://www.nhk.or.jp/radio/	九州沖縄	熊本県	n/a	430005
True	[radk]	NHK-FM(東京)	https://www.nhk.or.jp/radio/	九州沖縄	熊本県	n/a	430005
True	[radk]	OBSラジオ	https://1098.am/	九州沖縄	大分県	n/a	440001
True	[radk]	ラジオNIKKEI第1	http://www.radionikkei.jp/	九州沖縄	大分県	n/a	440001
True	[radk]	ラジオNIKKEI第2	http://www.radionikkei.jp/ 	九州沖縄	大分県	n/a	440001
True	[radk]	エフエム大分	http://www.fmoita.co.jp	九州沖縄	大分県	n/a	440001
True	[radk]	放送大学	https://www.ouj.ac.jp/	九州沖縄	大分県	n/a	440001
True	[radk]	NHKラジオ第1(福岡)	https://www.nhk.or.jp/radio/	九州沖縄	大分県	n/a	440001
True	[radk]	NHK-FM(東京)	https://www.nhk.or.jp/radio/	九州沖縄	大分県	n/a	440001
True	[radk]	宮崎放送	http://mrt.jp/radio/	九州沖縄	宮崎県	n/a	450006
True	[radk]	ラジオNIKKEI第1	http://www.radionikkei.jp/	九州沖縄	宮崎県	n/a	450006
True	[radk]	ラジオNIKKEI第2	http://www.radionikkei.jp/ 	九州沖縄	宮崎県	n/a	450006
True	[radk]	エフエム宮崎	http://www.joyfm.co.jp/	九州沖縄	宮崎県	n/a	450006
True	[radk]	放送大学	https://www.ouj.ac.jp/	九州沖縄	宮崎県	n/a	450006
True	[radk]	NHKラジオ第1(福岡)	https://www.nhk.or.jp/radio/	九州沖縄	宮崎県	n/a	450006
True	[radk]	NHK-FM(東京)	https://www.nhk.or.jp/radio/	九州沖縄	宮崎県	n/a	450006
True	[radk]	MBCラジオ	https://www.mbc.co.jp/radio/	九州沖縄	鹿児島県	n/a	460001
True	[radk]	ラジオNIKKEI第1	http://www.radionikkei.jp/	九州沖縄	鹿児島県	n/a	460001
True	[radk]	ラジオNIKKEI第2	http://www.radionikkei.jp/ 	九州沖縄	鹿児島県	n/a	460001
True	[radk]	μFM	http://www.myufm.jp/myufmjp/myufm/	九州沖縄	鹿児島県	n/a	460001
True	[radk]	放送大学	https://www.ouj.ac.jp/	九州沖縄	鹿児島県	n/a	460001
True	[radk]	NHKラジオ第1(福岡)	https://www.nhk.or.jp/radio/	九州沖縄	鹿児島県	n/a	460001
True	[radk]	NHK-FM(東京)	https://www.nhk.or.jp/radio/	九州沖縄	鹿児島県	n/a	460001
True	[radk]	RBCiラジオ	https://www.rbc.co.jp/	九州沖縄	沖縄県	n/a	470007
True	[radk]	ラジオ沖縄	http://www.rokinawa.co.jp/	九州沖縄	沖縄県	n/a	470007
True	[radk]	ラジオNIKKEI第1	http://www.radionikkei.jp/	九州沖縄	沖縄県	n/a	470007
True	[radk]	ラジオNIKKEI第2	http://www.radionikkei.jp/ 	九州沖縄	沖縄県	n/a	470007
True	[radk]	FM沖縄	https://www.fmokinawa.co.jp/	九州沖縄	沖縄県	n/a	470007
True	[radk]	放送大学	https://www.ouj.ac.jp/	九州沖縄	沖縄県	n/a	470007
True	[radk]	NHKラジオ第1(福岡)	https://www.nhk.or.jp/radio/	九州沖縄	沖縄県	n/a	470007
True	[radk]	NHK-FM(東京)	https://www.nhk.or.jp/radio/	九州沖縄	沖縄県	n/a	470007
