[lsnr] invalid region:	試験放送A	http://mtist.as.smartstream.ne.jp/30099/livestream/playlist.m3u8
[fmpp] file exists (skip):	directory/コミュニティラジオ/関東/東京都/ラジオフチューズ.json
[fmpp] file exists (skip):	directory/コミュニティラジオ/九州沖縄/沖縄県/FMうるま.json
[jcba] file exists (skip):	directory/コミュニティラジオ/関東/神奈川県/レディオ湘南.json
[jcba] file exists (skip):	directory/コミュニティラジオ/関東/神奈川県/FMサルース.json
[csra] listenradio protocol (skip):	FMアップル
[csra] unparsable content (skip):	エフエムしろいし
[csra] listenradio protocol (skip):	Wi-radio
[csra] listenradio protocol (skip):	FMねむろ
[csra] listenradio protocol (skip):	FMあばしり
[csra] listenradio protocol (skip):	さっぽろ村ラジオ
[csra] listenradio protocol (skip):	FMメイプル
[csra] listenradio protocol (skip):	三角山放送局
[csra] listenradio protocol (skip):	FM JAGA
[csra] unsupported protocol (skip):	RADIOワンダーストレージFMドラマシティ	https://live.776.fm/
[csra] listenradio protocol (skip):	カシオペアFM
[csra] listenradio protocol (skip):	ラヂオけせんぬま
[csra] listenradio protocol (skip):	エフエム椿台
[csra] listenradio protocol (skip):	ラヂオもりおか
[csra] listenradio protocol (skip):	ラジオ3
[csra] listenradio protocol (skip):	BAY WAVE
[csra] listenradio protocol (skip):	fmいずみ
[csra] unparsable content (skip):	女川さいがいFM
[csra] unparsable content (skip):	おおつちさいがいエフエム
[csra] unsupported protocol (skip):	FMあすも	http://fmasmo.fmplapla.com/player/
[csra] listenradio protocol (skip):	こしがやエフエム
[csra] listenradio protocol (skip):	Tokyo Star Radio
[csra] listenradio protocol (skip):	エフエム世田谷
[csra] listenradio protocol (skip):	ラジオフチューズ
[csra] listenradio protocol (skip):	コマラジ
[csra] listenradio protocol (skip):	マリンFM
[csra] listenradio protocol (skip):	FMふっかちゃん
[csra] listenradio protocol (skip):	湘南ビーチFM
[csra] unsupported protocol (skip):	まえばしCITYエフエム	http://radio.maebashi.fm:8080/mwave
[csra] listenradio protocol (skip):	中央エフエム
[csra] unsupported protocol (skip):	CTY-FM	https://fmplapla.com/fmyokkaichi/
[csra] unsupported protocol (skip):	Pitch FM	https://fmplapla.com/pitchfm/
[csra] listenradio protocol (skip):	ラジオ・ミュー
[csra] unsupported protocol (skip):	えふえむ・エヌ・ワン	https://www.fmn1.jp/netaudio.html
[csra] unsupported protocol (skip):	ハーバーステーション	http://www.web-services.jp/harbor779/
[csra] listenradio protocol (skip):	FMたんご
[csra] listenradio protocol (skip):	Radio Sweet
[csra] listenradio protocol (skip):	FMおとくに
[csra] listenradio protocol (skip):	FM 千里
[csra] listenradio protocol (skip):	ぎのわんシティFM
[csra] listenradio protocol (skip):	FMぎのわん
[csra] listenradio protocol (skip):	ハートFMなんじょう
[csra] listenradio protocol (skip):	fm那覇
[csra] listenradio protocol (skip):	FMたつごう
[csra] listenradio protocol (skip):	ちょっくらじお
[csra] listenradio protocol (skip):	オキラジ
[csra] listenradio protocol (skip):	FMやんばる
[csra] listenradio protocol (skip):	エフエム ニライ
[csra] listenradio protocol (skip):	FMいしがき
[csra] listenradio protocol (skip):	FMうるま
[csra] listenradio protocol (skip):	FMとよみ
[csra] unparsable content (skip):	FMもとぶ
[csra] file exists (skip):	directory/コミュニティラジオ/北海道/北海道/FM WING.json
[csra] file exists (skip):	directory/コミュニティラジオ/北海道/北海道/FMくしろ.json
[csra] file exists (skip):	directory/コミュニティラジオ/北海道/北海道/FMりべーる.json
[csra] file exists (skip):	directory/コミュニティラジオ/北海道/北海道/ラジオニセコ.json
[csra] file exists (skip):	directory/コミュニティラジオ/北海道/北海道/ラジオカロスサッポロ.json
[csra] file exists (skip):	directory/コミュニティラジオ/東北/青森県/BeFM.json
[csra] file exists (skip):	directory/コミュニティラジオ/東北/秋田県/鹿角きりたんぽFM.json
[csra] file exists (skip):	directory/コミュニティラジオ/東北/福島県/FMいわき.json
[csra] file exists (skip):	directory/コミュニティラジオ/東北/秋田県/FMゆーとぴあ.json
[csra] file exists (skip):	directory/コミュニティラジオ/東北/秋田県/横手かまくらエフエム.json
[csra] file exists (skip):	directory/コミュニティラジオ/東北/岩手県/みやこハーバーラジオ.json
[csra] file exists (skip):	directory/コミュニティラジオ/東北/宮城県/ラジオ石巻.json
[csra] file exists (skip):	directory/コミュニティラジオ/関東/茨城県/たかはぎFM.json
[csra] file exists (skip):	directory/コミュニティラジオ/関東/埼玉県/FM Kawaguchi.json
[csra] file exists (skip):	directory/コミュニティラジオ/関東/茨城県/FMひたち.json
[csra] file exists (skip):	directory/コミュニティラジオ/関東/埼玉県/775ライブリーFM.json
[csra] file exists (skip):	directory/コミュニティラジオ/関東/茨城県/FMぱるるん.json
[csra] file exists (skip):	directory/コミュニティラジオ/関東/埼玉県/フラワーラジオ.json
[csra] file exists (skip):	directory/コミュニティラジオ/関東/埼玉県/REDS WAVE.json
[csra] file exists (skip):	directory/コミュニティラジオ/関東/神奈川県/かわさきFM.json
[csra] file exists (skip):	directory/コミュニティラジオ/関東/東京都/調布FM.json
[csra] file exists (skip):	directory/コミュニティラジオ/関東/東京都/かつしかFM.json
[csra] file exists (skip):	directory/コミュニティラジオ/関東/東京都/レインボータウンFM.json
[csra] file exists (skip):	directory/コミュニティラジオ/東海/愛知県/エフエムEGAO.json
[csra] file exists (skip):	directory/コミュニティラジオ/近畿/京都府/京都三条ラジオカフェ.json
[csra] file exists (skip):	directory/コミュニティラジオ/近畿/兵庫県/805たんば.json
[csra] file exists (skip):	directory/コミュニティラジオ/近畿/兵庫県/BAN-BANラジオ.json
[csra] file exists (skip):	directory/コミュニティラジオ/近畿/和歌山県/FMはしもと.json
[csra] file exists (skip):	directory/コミュニティラジオ/四国/香川県/FM SUN.json
[csra] file exists (skip):	directory/コミュニティラジオ/中国/鳥取県/DARAZ FM.json
[csra] file exists (skip):	directory/コミュニティラジオ/四国/徳島県/FMびざん.json
[csra] file exists (skip):	directory/コミュニティラジオ/九州沖縄/福岡県/AIR STATION HIBIKI.json
[csra] file exists (skip):	directory/コミュニティラジオ/九州沖縄/沖縄県/FMくめじま.json
[csra] file exists (skip):	directory/コミュニティラジオ/九州沖縄/宮崎県/FMのべおか.json
[csra] file exists (skip):	directory/コミュニティラジオ/九州沖縄/鹿児島県/FMぎんが.json
[csra] file exists (skip):	directory/コミュニティラジオ/九州沖縄/沖縄県/FMよなばる.json
[csra] file exists (skip):	directory/コミュニティラジオ/九州沖縄/長崎県/FMしまばら.json
[csra] file exists (skip):	directory/コミュニティラジオ/九州沖縄/沖縄県/FM21.json
[csra] file exists (skip):	directory/コミュニティラジオ/九州沖縄/沖縄県/FMレキオ.json
[csra] file exists (skip):	directory/コミュニティラジオ/九州沖縄/沖縄県/FMもとぶ.json
