[lsnr] invalid region:	試験放送A	http://mtist.as.smartstream.ne.jp/30099/livestream/playlist.m3u8
[csra] unparsable content:	エフエムしろいし
[csra] unsupported protocol:	RADIOワンダーストレージFMドラマシティ	https://live.776.fm/
[csra] unparsable content:	女川さいがいFM
[csra] unparsable content:	おおつちさいがいエフエム
[csra] unsupported protocol:	FMあすも	http://fmasmo.fmplapla.com/player/
[csra] unsupported protocol:	まえばしCITYエフエム	http://radio.maebashi.fm:8080/mwave
[csra] unsupported protocol:	CTY-FM	https://fmplapla.com/fmyokkaichi/
[csra] unsupported protocol:	Pitch FM	https://fmplapla.com/pitchfm/
[csra] unsupported protocol:	えふえむ・エヌ・ワン	https://www.fmn1.jp/netaudio.html
[csra] unsupported protocol:	ハーバーステーション	http://www.web-services.jp/harbor779/
[csra] unparsable content:	FMもとぶ
[csra] ignore existing file:	directory/コミュニティラジオ/北海道/北海道/FM WING.json
[csra] ignore existing file:	directory/コミュニティラジオ/北海道/北海道/FMくしろ.json
[csra] ignore existing file:	directory/コミュニティラジオ/北海道/北海道/FMりべーる.json
[csra] ignore existing file:	directory/コミュニティラジオ/北海道/北海道/ラジオニセコ.json
[csra] ignore existing file:	directory/コミュニティラジオ/北海道/北海道/ラジオカロスサッポロ.json
[csra] ignore existing file:	directory/コミュニティラジオ/東北/青森県/BeFM.json
[csra] ignore existing file:	directory/コミュニティラジオ/東北/秋田県/鹿角きりたんぽFM.json
[csra] ignore existing file:	directory/コミュニティラジオ/東北/福島県/FMいわき.json
[csra] ignore existing file:	directory/コミュニティラジオ/東北/秋田県/FMゆーとぴあ.json
[csra] ignore existing file:	directory/コミュニティラジオ/東北/秋田県/横手かまくらエフエム.json
[csra] ignore existing file:	directory/コミュニティラジオ/東北/岩手県/みやこハーバーラジオ.json
[csra] ignore existing file:	directory/コミュニティラジオ/東北/宮城県/ラジオ石巻.json
[csra] ignore existing file:	directory/コミュニティラジオ/関東/茨城県/たかはぎFM.json
[csra] ignore existing file:	directory/コミュニティラジオ/関東/埼玉県/FM Kawaguchi.json
[csra] ignore existing file:	directory/コミュニティラジオ/関東/茨城県/FMひたち.json
[csra] ignore existing file:	directory/コミュニティラジオ/関東/埼玉県/775ライブリーFM.json
[csra] ignore existing file:	directory/コミュニティラジオ/関東/茨城県/FMぱるるん.json
[csra] ignore existing file:	directory/コミュニティラジオ/関東/埼玉県/フラワーラジオ.json
[csra] ignore existing file:	directory/コミュニティラジオ/関東/埼玉県/REDS WAVE.json
[csra] ignore existing file:	directory/コミュニティラジオ/関東/神奈川県/かわさきFM.json
[csra] ignore existing file:	directory/コミュニティラジオ/関東/東京都/調布FM.json
[csra] ignore existing file:	directory/コミュニティラジオ/関東/東京都/かつしかFM.json
[csra] ignore existing file:	directory/コミュニティラジオ/関東/東京都/レインボータウンFM.json
[csra] ignore existing file:	directory/コミュニティラジオ/東海/愛知県/エフエムEGAO.json
[csra] ignore existing file:	directory/コミュニティラジオ/近畿/京都府/京都三条ラジオカフェ.json
[csra] ignore existing file:	directory/コミュニティラジオ/近畿/兵庫県/805たんば.json
[csra] ignore existing file:	directory/コミュニティラジオ/近畿/兵庫県/BAN-BANラジオ.json
[csra] ignore existing file:	directory/コミュニティラジオ/近畿/和歌山県/FMはしもと.json
[csra] ignore existing file:	directory/コミュニティラジオ/四国/香川県/FM SUN.json
[csra] ignore existing file:	directory/コミュニティラジオ/中国/鳥取県/DARAZ FM.json
[csra] ignore existing file:	directory/コミュニティラジオ/四国/徳島県/FMびざん.json
[csra] ignore existing file:	directory/コミュニティラジオ/九州沖縄/福岡県/AIR STATION HIBIKI.json
[csra] ignore existing file:	directory/コミュニティラジオ/九州沖縄/宮崎県/FMのべおか.json
[csra] ignore existing file:	directory/コミュニティラジオ/九州沖縄/沖縄県/FMよなばる.json
[siml] unsupported protocol:	RADIOワンダーストレージFMドラマシティ	https://live.776.fm/
[siml] unsupported protocol:	エフエムしろいし	http://www.830.fm/
[siml] unsupported protocol:	女川さいがいFM	http://onagawafm.jp/
[siml] unsupported protocol:	亘理臨時災害FM局（FMあおぞら）	http://www.town.watari.miyagi.jp/index.cfm/22,21308,126,html
[siml] unsupported protocol:	おおつちさいがいエフエム	http://www.town.otsuchi.iwate.jp/
[siml] unsupported protocol:	FMあすも	http://fmasmo.fmplapla.com/player/
[siml] unsupported protocol:	FMぱるるん	http://www.fmpalulun.co.jp/
[siml] unsupported protocol:	湘南ビーチFM	http://www.beachfm.co.jp/
[siml] unsupported protocol:	まえばしCITYエフエム	http://radio.maebashi.fm:8080/mwave
[siml] unsupported protocol:	CTY-FM	https://fmplapla.com/fmyokkaichi/
[siml] unsupported protocol:	Pitch FM	https://fmplapla.com/pitchfm/
[siml] unsupported protocol:	FM-N1	http://www.fmn1.jp/netradio.html
[siml] unsupported protocol:	ハーバーステーション	http://www.web-services.jp/harbor779/
[siml] ignore existing file:	directory/コミュニティラジオ/北海道/北海道/FM WING.json
[siml] ignore existing file:	directory/コミュニティラジオ/北海道/北海道/FMくしろ.json
[siml] ignore existing file:	directory/コミュニティラジオ/北海道/北海道/FMわっぴ〜.json
[siml] ignore existing file:	directory/コミュニティラジオ/北海道/北海道/FMりべーる.json
[siml] ignore existing file:	directory/コミュニティラジオ/北海道/北海道/ラジオニセコ.json
[siml] ignore existing file:	directory/コミュニティラジオ/北海道/北海道/ラジオカロスサッポロ.json
[siml] ignore existing file:	directory/コミュニティラジオ/北海道/北海道/e-niwaFM.json
[siml] ignore existing file:	directory/コミュニティラジオ/北海道/北海道/FMおたる.json
[siml] ignore existing file:	directory/コミュニティラジオ/東北/福島県/エフエム モットコム.json
[siml] ignore existing file:	directory/コミュニティラジオ/東北/福島県/FMいわき.json
[siml] ignore existing file:	directory/コミュニティラジオ/東北/秋田県/FMゆーとぴあ.json
[siml] ignore existing file:	directory/コミュニティラジオ/東北/秋田県/横手かまくらエフエム.json
[siml] ignore existing file:	directory/コミュニティラジオ/東北/岩手県/みやこハーバーラジオ.json
[siml] ignore existing file:	directory/コミュニティラジオ/東北/宮城県/ラジオ石巻.json
[siml] ignore existing file:	directory/コミュニティラジオ/東北/宮城県/りんごFM.json
[siml] ignore existing file:	directory/コミュニティラジオ/東北/宮城県/なとらじ.json
[siml] ignore existing file:	directory/コミュニティラジオ/東北/福島県/南相馬ひばりエフエム.json
[siml] ignore existing file:	directory/コミュニティラジオ/東北/福島県/郡山コミュニティ放送.json
[siml] ignore existing file:	directory/コミュニティラジオ/東北/岩手県/陸前高田災害FM.json
[siml] ignore existing file:	directory/コミュニティラジオ/東北/福島県/富岡臨時災害FM局(おだがいさまFM).json
[siml] ignore existing file:	directory/コミュニティラジオ/東北/岩手県/釜石災害FM.json
[siml] ignore existing file:	directory/コミュニティラジオ/東北/青森県/BeFM.json
[siml] ignore existing file:	directory/コミュニティラジオ/東北/秋田県/鹿角きりたんぽFM.json
[siml] ignore existing file:	directory/コミュニティラジオ/東北/宮城県/FMたいはく.json
[siml] ignore existing file:	directory/コミュニティラジオ/甲信越/長野県/あづみ野FM.json
[siml] ignore existing file:	directory/コミュニティラジオ/関東/埼玉県/フラワーラジオ.json
[siml] ignore existing file:	directory/コミュニティラジオ/関東/埼玉県/775ライブリーFM.json
[siml] ignore existing file:	directory/コミュニティラジオ/関東/埼玉県/REDS WAVE.json
[siml] ignore existing file:	directory/コミュニティラジオ/関東/茨城県/ラヂオつくば.json
[siml] ignore existing file:	directory/コミュニティラジオ/関東/東京都/エフエムたちかわ.json
[siml] ignore existing file:	directory/コミュニティラジオ/関東/神奈川県/かわさきFM.json
[siml] ignore existing file:	directory/コミュニティラジオ/関東/神奈川県/FM戸塚.json
[siml] ignore existing file:	directory/コミュニティラジオ/関東/東京都/調布FM.json
[siml] ignore existing file:	directory/コミュニティラジオ/関東/東京都/かつしかFM.json
[siml] ignore existing file:	directory/コミュニティラジオ/関東/神奈川県/エフエムさがみ.json
[siml] ignore existing file:	directory/コミュニティラジオ/関東/東京都/レインボータウンFM.json
[siml] ignore existing file:	directory/コミュニティラジオ/関東/神奈川県/FM kaon.json
[siml] ignore existing file:	directory/コミュニティラジオ/関東/茨城県/たかはぎFM.json
[siml] ignore existing file:	directory/コミュニティラジオ/関東/埼玉県/FM Kawaguchi.json
[siml] ignore existing file:	directory/コミュニティラジオ/関東/茨城県/FM-UU.json
[siml] ignore existing file:	directory/コミュニティラジオ/関東/茨城県/FMひたち.json
[siml] ignore existing file:	directory/コミュニティラジオ/東海/愛知県/エフエムEGAO.json
[siml] ignore existing file:	directory/コミュニティラジオ/甲信越/富山県/ラジオ・ミュー.json
[siml] ignore existing file:	directory/コミュニティラジオ/近畿/京都府/FM丹波.json
[siml] ignore existing file:	directory/コミュニティラジオ/近畿/兵庫県/エフエムわいわい.json
[siml] ignore existing file:	directory/コミュニティラジオ/近畿/兵庫県/FMジャングル.json
[siml] ignore existing file:	directory/コミュニティラジオ/近畿/兵庫県/BAN-BANラジオ.json
[siml] ignore existing file:	directory/コミュニティラジオ/近畿/和歌山県/FMはしもと.json
[siml] ignore existing file:	directory/コミュニティラジオ/近畿/京都府/京都三条ラジオカフェ.json
[siml] ignore existing file:	directory/コミュニティラジオ/近畿/兵庫県/FM MOOV KOBE.json
[siml] ignore existing file:	directory/コミュニティラジオ/近畿/兵庫県/805たんば.json
[siml] ignore existing file:	directory/コミュニティラジオ/近畿/京都府/RADIO MIX KYOTO.json
[siml] ignore existing file:	directory/コミュニティラジオ/中国/鳥取県/DARAZ FM.json
[siml] ignore existing file:	directory/コミュニティラジオ/四国/香川県/FM高松.json
[siml] ignore existing file:	directory/コミュニティラジオ/四国/徳島県/FMびざん.json
[siml] ignore existing file:	directory/コミュニティラジオ/四国/香川県/FM SUN.json
[siml] ignore existing file:	directory/コミュニティラジオ/九州沖縄/鹿児島県/あまみFM.json
[siml] ignore existing file:	directory/コミュニティラジオ/九州沖縄/長崎県/FMしまばら.json
[siml] ignore existing file:	directory/コミュニティラジオ/九州沖縄/福岡県/スターコーンFM.json
[siml] ignore existing file:	directory/コミュニティラジオ/九州沖縄/福岡県/コミュニティラジオ天神.json
[siml] ignore existing file:	directory/コミュニティラジオ/九州沖縄/福岡県/AIR STATION HIBIKI.json
[siml] ignore existing file:	directory/コミュニティラジオ/九州沖縄/宮崎県/FMのべおか.json
[siml] ignore existing file:	directory/コミュニティラジオ/九州沖縄/鹿児島県/FMぎんが.json
[siml] ignore existing file:	directory/コミュニティラジオ/九州沖縄/沖縄県/FM21.json
[siml] ignore existing file:	directory/コミュニティラジオ/九州沖縄/沖縄県/FMレキオ.json
[siml] ignore existing file:	directory/コミュニティラジオ/九州沖縄/沖縄県/FMもとぶ.json
[siml] ignore existing file:	directory/コミュニティラジオ/九州沖縄/沖縄県/FMくめじま.json
[siml] ignore existing file:	directory/コミュニティラジオ/九州沖縄/沖縄県/FMぎのわん.json
[siml] ignore existing file:	directory/コミュニティラジオ/九州沖縄/沖縄県/FMよなばる.json
